pos	ind	depth
1	xaa	28
1	xab	35
1	xac	26
1	xad	34
1	ST-1.1	18
1	ST-1.2	37
1	ST-1.3	34
1	ST-2.1	26
1	ST-2.2	21
2	xaa	28
2	xab	35
2	xac	26
2	xad	34
2	ST-1.1	18
2	ST-1.2	37
2	ST-1.3	34
2	ST-2.1	26
2	ST-2.2	21
3	xaa	28
3	xab	34
3	xac	25
3	xad	35
3	ST-1.1	18
3	ST-1.2	37
3	ST-1.3	35
3	ST-2.1	26
3	ST-2.2	21
4	xaa	29
4	xab	34
4	xac	23
4	xad	36
4	ST-1.1	18
4	ST-1.2	37
4	ST-1.3	35
4	ST-2.1	26
4	ST-2.2	21
5	xaa	29
5	xab	34
5	xac	23
5	xad	36
5	ST-1.1	18
5	ST-1.2	37
5	ST-1.3	35
5	ST-2.1	26
5	ST-2.2	21
6	xaa	29
6	xab	34
6	xac	23
6	xad	37
6	ST-1.1	18
6	ST-1.2	37
6	ST-1.3	35
6	ST-2.1	26
6	ST-2.2	21
7	xaa	29
7	xab	34
7	xac	22
7	xad	37
7	ST-1.1	18
7	ST-1.2	37
7	ST-1.3	35
7	ST-2.1	26
7	ST-2.2	21
8	xaa	29
8	xab	33
8	xac	20
8	xad	37
8	ST-1.1	18
8	ST-1.2	37
8	ST-1.3	35
8	ST-2.1	26
8	ST-2.2	21
9	xaa	30
9	xab	33
9	xac	20
9	xad	37
9	ST-1.1	18
9	ST-1.2	38
9	ST-1.3	38
9	ST-2.1	26
9	ST-2.2	21
10	xaa	30
10	xab	33
10	xac	20
10	xad	37
10	ST-1.1	18
10	ST-1.2	39
10	ST-1.3	39
10	ST-2.1	25
10	ST-2.2	22
11	xaa	30
11	xab	33
11	xac	20
11	xad	37
11	ST-1.1	18
11	ST-1.2	42
11	ST-1.3	41
11	ST-2.1	25
11	ST-2.2	22
12	xaa	31
12	xab	33
12	xac	20
12	xad	37
12	ST-1.1	18
12	ST-1.2	42
12	ST-1.3	41
12	ST-2.1	25
12	ST-2.2	22
13	xaa	31
13	xab	33
13	xac	20
13	xad	37
13	ST-1.1	18
13	ST-1.2	42
13	ST-1.3	41
13	ST-2.1	25
13	ST-2.2	22
14	xaa	31
14	xab	33
14	xac	20
14	xad	37
14	ST-1.1	18
14	ST-1.2	42
14	ST-1.3	41
14	ST-2.1	25
14	ST-2.2	22
15	xaa	31
15	xab	33
15	xac	19
15	xad	37
15	ST-1.1	18
15	ST-1.2	43
15	ST-1.3	42
15	ST-2.1	24
15	ST-2.2	22
16	xaa	31
16	xab	33
16	xac	19
16	xad	37
16	ST-1.1	18
16	ST-1.2	43
16	ST-1.3	42
16	ST-2.1	24
16	ST-2.2	21
17	xaa	31
17	xab	33
17	xac	20
17	xad	37
17	ST-1.1	18
17	ST-1.2	43
17	ST-1.3	42
17	ST-2.1	24
17	ST-2.2	21
18	xaa	32
18	xab	33
18	xac	20
18	xad	36
18	ST-1.1	18
18	ST-1.2	43
18	ST-1.3	42
18	ST-2.1	24
18	ST-2.2	20
19	xaa	32
19	xab	33
19	xac	18
19	xad	36
19	ST-1.1	18
19	ST-1.2	43
19	ST-1.3	43
19	ST-2.1	24
19	ST-2.2	20
20	xaa	31
20	xab	33
20	xac	19
20	xad	36
20	ST-1.1	17
20	ST-1.2	43
20	ST-1.3	43
20	ST-2.1	24
20	ST-2.2	20
21	xaa	31
21	xab	30
21	xac	19
21	xad	37
21	ST-1.1	17
21	ST-1.2	44
21	ST-1.3	43
21	ST-2.1	25
21	ST-2.2	20
22	xaa	30
22	xab	30
22	xac	19
22	xad	37
22	ST-1.1	17
22	ST-1.2	44
22	ST-1.3	43
22	ST-2.1	25
22	ST-2.2	20
23	xaa	30
23	xab	29
23	xac	18
23	xad	37
23	ST-1.1	17
23	ST-1.2	45
23	ST-1.3	43
23	ST-2.1	24
23	ST-2.2	20
24	xaa	30
24	xab	31
24	xac	18
24	xad	36
24	ST-1.1	17
24	ST-1.2	45
24	ST-1.3	44
24	ST-2.1	24
24	ST-2.2	20
25	xaa	30
25	xab	30
25	xac	18
25	xad	36
25	ST-1.1	17
25	ST-1.2	46
25	ST-1.3	44
25	ST-2.1	24
25	ST-2.2	20
26	xaa	30
26	xab	30
26	xac	17
26	xad	36
26	ST-1.1	17
26	ST-1.2	46
26	ST-1.3	44
26	ST-2.1	24
26	ST-2.2	20
27	xaa	30
27	xab	29
27	xac	17
27	xad	37
27	ST-1.1	17
27	ST-1.2	46
27	ST-1.3	44
27	ST-2.1	24
27	ST-2.2	20
28	xaa	30
28	xab	29
28	xac	17
28	xad	34
28	ST-1.1	17
28	ST-1.2	46
28	ST-1.3	44
28	ST-2.1	24
28	ST-2.2	20
29	xaa	29
29	xab	28
29	xac	18
29	xad	34
29	ST-1.1	18
29	ST-1.2	48
29	ST-1.3	44
29	ST-2.1	24
29	ST-2.2	20
30	xaa	29
30	xab	29
30	xac	17
30	xad	33
30	ST-1.1	21
30	ST-1.2	50
30	ST-1.3	44
30	ST-2.1	24
30	ST-2.2	20
31	xaa	30
31	xab	30
31	xac	17
31	xad	33
31	ST-1.1	21
31	ST-1.2	52
31	ST-1.3	44
31	ST-2.1	23
31	ST-2.2	20
32	xaa	30
32	xab	28
32	xac	17
32	xad	33
32	ST-1.1	21
32	ST-1.2	52
32	ST-1.3	44
32	ST-2.1	23
32	ST-2.2	20
33	xaa	30
33	xab	28
33	xac	17
33	xad	34
33	ST-1.1	22
33	ST-1.2	52
33	ST-1.3	44
33	ST-2.1	23
33	ST-2.2	20
34	xaa	30
34	xab	27
34	xac	17
34	xad	34
34	ST-1.1	21
34	ST-1.2	52
34	ST-1.3	44
34	ST-2.1	23
34	ST-2.2	20
35	xaa	30
35	xab	27
35	xac	17
35	xad	34
35	ST-1.1	21
35	ST-1.2	52
35	ST-1.3	44
35	ST-2.1	23
35	ST-2.2	20
36	xaa	30
36	xab	27
36	xac	17
36	xad	34
36	ST-1.1	21
36	ST-1.2	52
36	ST-1.3	44
36	ST-2.1	23
36	ST-2.2	21
37	xaa	30
37	xab	28
37	xac	17
37	xad	34
37	ST-1.1	21
37	ST-1.2	52
37	ST-1.3	44
37	ST-2.1	23
37	ST-2.2	21
38	xaa	30
38	xab	28
38	xac	17
38	xad	34
38	ST-1.1	21
38	ST-1.2	52
38	ST-1.3	46
38	ST-2.1	23
38	ST-2.2	21
39	xaa	30
39	xab	28
39	xac	17
39	xad	35
39	ST-1.1	21
39	ST-1.2	52
39	ST-1.3	46
39	ST-2.1	23
39	ST-2.2	21
40	xaa	30
40	xab	29
40	xac	17
40	xad	35
40	ST-1.1	21
40	ST-1.2	52
40	ST-1.3	47
40	ST-2.1	23
40	ST-2.2	21
41	xaa	30
41	xab	29
41	xac	17
41	xad	35
41	ST-1.1	20
41	ST-1.2	53
41	ST-1.3	47
41	ST-2.1	23
41	ST-2.2	21
42	xaa	30
42	xab	29
42	xac	17
42	xad	35
42	ST-1.1	20
42	ST-1.2	53
42	ST-1.3	47
42	ST-2.1	23
42	ST-2.2	21
43	xaa	30
43	xab	29
43	xac	18
43	xad	35
43	ST-1.1	20
43	ST-1.2	53
43	ST-1.3	47
43	ST-2.1	23
43	ST-2.2	21
44	xaa	31
44	xab	28
44	xac	18
44	xad	35
44	ST-1.1	20
44	ST-1.2	53
44	ST-1.3	47
44	ST-2.1	23
44	ST-2.2	21
45	xaa	30
45	xab	28
45	xac	18
45	xad	35
45	ST-1.1	20
45	ST-1.2	53
45	ST-1.3	47
45	ST-2.1	23
45	ST-2.2	21
46	xaa	30
46	xab	28
46	xac	18
46	xad	35
46	ST-1.1	20
46	ST-1.2	53
46	ST-1.3	46
46	ST-2.1	23
46	ST-2.2	21
47	xaa	30
47	xab	28
47	xac	19
47	xad	35
47	ST-1.1	20
47	ST-1.2	53
47	ST-1.3	46
47	ST-2.1	23
47	ST-2.2	21
48	xaa	30
48	xab	28
48	xac	19
48	xad	35
48	ST-1.1	20
48	ST-1.2	53
48	ST-1.3	46
48	ST-2.1	23
48	ST-2.2	21
49	xaa	30
49	xab	29
49	xac	19
49	xad	33
49	ST-1.1	20
49	ST-1.2	53
49	ST-1.3	46
49	ST-2.1	23
49	ST-2.2	20
50	xaa	29
50	xab	28
50	xac	18
50	xad	32
50	ST-1.1	20
50	ST-1.2	53
50	ST-1.3	46
50	ST-2.1	23
50	ST-2.2	20
51	xaa	29
51	xab	27
51	xac	18
51	xad	32
51	ST-1.1	20
51	ST-1.2	54
51	ST-1.3	46
51	ST-2.1	23
51	ST-2.2	20
52	xaa	29
52	xab	27
52	xac	18
52	xad	32
52	ST-1.1	20
52	ST-1.2	54
52	ST-1.3	46
52	ST-2.1	23
52	ST-2.2	20
53	xaa	28
53	xab	27
53	xac	17
53	xad	32
53	ST-1.1	20
53	ST-1.2	54
53	ST-1.3	46
53	ST-2.1	23
53	ST-2.2	20
54	xaa	28
54	xab	27
54	xac	18
54	xad	33
54	ST-1.1	20
54	ST-1.2	55
54	ST-1.3	46
54	ST-2.1	23
54	ST-2.2	20
55	xaa	28
55	xab	27
55	xac	18
55	xad	33
55	ST-1.1	20
55	ST-1.2	55
55	ST-1.3	46
55	ST-2.1	23
55	ST-2.2	20
56	xaa	28
56	xab	26
56	xac	17
56	xad	30
56	ST-1.1	20
56	ST-1.2	55
56	ST-1.3	46
56	ST-2.1	20
56	ST-2.2	19
57	xaa	29
57	xab	26
57	xac	17
57	xad	30
57	ST-1.1	20
57	ST-1.2	55
57	ST-1.3	47
57	ST-2.1	20
57	ST-2.2	17
58	xaa	29
58	xab	26
58	xac	15
58	xad	30
58	ST-1.1	20
58	ST-1.2	56
58	ST-1.3	47
58	ST-2.1	20
58	ST-2.2	17
59	xaa	27
59	xab	25
59	xac	16
59	xad	30
59	ST-1.1	20
59	ST-1.2	57
59	ST-1.3	46
59	ST-2.1	19
59	ST-2.2	17
60	xaa	27
60	xab	26
60	xac	16
60	xad	30
60	ST-1.1	20
60	ST-1.2	57
60	ST-1.3	46
60	ST-2.1	19
60	ST-2.2	17
61	xaa	27
61	xab	26
61	xac	16
61	xad	27
61	ST-1.1	20
61	ST-1.2	57
61	ST-1.3	46
61	ST-2.1	19
61	ST-2.2	17
62	xaa	27
62	xab	26
62	xac	16
62	xad	27
62	ST-1.1	20
62	ST-1.2	57
62	ST-1.3	46
62	ST-2.1	19
62	ST-2.2	17
63	xaa	28
63	xab	26
63	xac	16
63	xad	27
63	ST-1.1	20
63	ST-1.2	57
63	ST-1.3	47
63	ST-2.1	18
63	ST-2.2	17
64	xaa	28
64	xab	26
64	xac	16
64	xad	28
64	ST-1.1	20
64	ST-1.2	57
64	ST-1.3	48
64	ST-2.1	18
64	ST-2.2	17
65	xaa	28
65	xab	26
65	xac	16
65	xad	28
65	ST-1.1	20
65	ST-1.2	57
65	ST-1.3	48
65	ST-2.1	18
65	ST-2.2	17
66	xaa	28
66	xab	27
66	xac	16
66	xad	28
66	ST-1.1	20
66	ST-1.2	57
66	ST-1.3	48
66	ST-2.1	18
66	ST-2.2	17
67	xaa	28
67	xab	27
67	xac	16
67	xad	27
67	ST-1.1	20
67	ST-1.2	57
67	ST-1.3	47
67	ST-2.1	18
67	ST-2.2	17
68	xaa	28
68	xab	27
68	xac	17
68	xad	28
68	ST-1.1	20
68	ST-1.2	57
68	ST-1.3	47
68	ST-2.1	18
68	ST-2.2	17
69	xaa	28
69	xab	27
69	xac	16
69	xad	28
69	ST-1.1	20
69	ST-1.2	56
69	ST-1.3	47
69	ST-2.1	18
69	ST-2.2	17
70	xaa	28
70	xab	27
70	xac	16
70	xad	27
70	ST-1.1	20
70	ST-1.2	56
70	ST-1.3	47
70	ST-2.1	18
70	ST-2.2	17
71	xaa	29
71	xab	26
71	xac	16
71	xad	27
71	ST-1.1	20
71	ST-1.2	56
71	ST-1.3	47
71	ST-2.1	18
71	ST-2.2	17
72	xaa	29
72	xab	25
72	xac	16
72	xad	27
72	ST-1.1	20
72	ST-1.2	56
72	ST-1.3	47
72	ST-2.1	16
72	ST-2.2	16
73	xaa	30
73	xab	27
73	xac	16
73	xad	27
73	ST-1.1	20
73	ST-1.2	56
73	ST-1.3	47
73	ST-2.1	15
73	ST-2.2	16
74	xaa	30
74	xab	27
74	xac	19
74	xad	30
74	ST-1.1	18
74	ST-1.2	47
74	ST-1.3	39
74	ST-2.1	11
74	ST-2.2	14
75	xaa	30
75	xab	27
75	xac	19
75	xad	30
75	ST-1.1	16
75	ST-1.2	47
75	ST-1.3	39
75	ST-2.1	11
75	ST-2.2	13
76	xaa	31
76	xab	27
76	xac	19
76	xad	28
76	ST-1.1	17
76	ST-1.2	48
76	ST-1.3	39
76	ST-2.1	11
76	ST-2.2	13
77	xaa	31
77	xab	27
77	xac	19
77	xad	28
77	ST-1.1	17
77	ST-1.2	48
77	ST-1.3	39
77	ST-2.1	11
77	ST-2.2	13
78	xaa	31
78	xab	27
78	xac	19
78	xad	27
78	ST-1.1	17
78	ST-1.2	48
78	ST-1.3	38
78	ST-2.1	11
78	ST-2.2	13
79	xaa	31
79	xab	27
79	xac	20
79	xad	27
79	ST-1.1	17
79	ST-1.2	45
79	ST-1.3	38
79	ST-2.1	11
79	ST-2.2	13
80	xaa	31
80	xab	27
80	xac	20
80	xad	27
80	ST-1.1	17
80	ST-1.2	45
80	ST-1.3	38
80	ST-2.1	11
80	ST-2.2	13
81	xaa	30
81	xab	27
81	xac	20
81	xad	27
81	ST-1.1	17
81	ST-1.2	44
81	ST-1.3	38
81	ST-2.1	11
81	ST-2.2	13
82	xaa	30
82	xab	27
82	xac	20
82	xad	31
82	ST-1.1	17
82	ST-1.2	44
82	ST-1.3	38
82	ST-2.1	10
82	ST-2.2	13
83	xaa	30
83	xab	27
83	xac	20
83	xad	32
83	ST-1.1	18
83	ST-1.2	44
83	ST-1.3	38
83	ST-2.1	10
83	ST-2.2	13
84	xaa	30
84	xab	27
84	xac	20
84	xad	32
84	ST-1.1	19
84	ST-1.2	44
84	ST-1.3	39
84	ST-2.1	9
84	ST-2.2	12
85	xaa	30
85	xab	28
85	xac	21
85	xad	33
85	ST-1.1	19
85	ST-1.2	44
85	ST-1.3	39
85	ST-2.1	9
85	ST-2.2	12
86	xaa	30
86	xab	29
86	xac	21
86	xad	33
86	ST-1.1	19
86	ST-1.2	44
86	ST-1.3	39
86	ST-2.1	9
86	ST-2.2	12
87	xaa	29
87	xab	28
87	xac	21
87	xad	31
87	ST-1.1	19
87	ST-1.2	44
87	ST-1.3	39
87	ST-2.1	9
87	ST-2.2	12
88	xaa	29
88	xab	27
88	xac	21
88	xad	31
88	ST-1.1	19
88	ST-1.2	44
88	ST-1.3	39
88	ST-2.1	9
88	ST-2.2	12
89	xaa	29
89	xab	25
89	xac	21
89	xad	31
89	ST-1.1	19
89	ST-1.2	44
89	ST-1.3	39
89	ST-2.1	9
89	ST-2.2	12
90	xaa	29
90	xab	25
90	xac	21
90	xad	31
90	ST-1.1	17
90	ST-1.2	37
90	ST-1.3	38
90	ST-2.1	7
90	ST-2.2	10
91	xaa	29
91	xab	25
91	xac	21
91	xad	31
91	ST-1.1	16
91	ST-1.2	35
91	ST-1.3	37
91	ST-2.1	7
91	ST-2.2	10
92	xaa	29
92	xab	25
92	xac	22
92	xad	32
92	ST-1.1	16
92	ST-1.2	32
92	ST-1.3	34
92	ST-2.1	7
92	ST-2.2	8
93	xaa	29
93	xab	25
93	xac	22
93	xad	32
93	ST-1.1	16
93	ST-1.2	32
93	ST-1.3	34
93	ST-2.1	6
93	ST-2.2	7
94	xaa	29
94	xab	25
94	xac	22
94	xad	32
94	ST-1.1	16
94	ST-1.2	32
94	ST-1.3	33
94	ST-2.1	6
94	ST-2.2	7
95	xaa	31
95	xab	24
95	xac	22
95	xad	32
95	ST-1.1	16
95	ST-1.2	32
95	ST-1.3	33
95	ST-2.1	6
95	ST-2.2	7
96	xaa	28
96	xab	24
96	xac	23
96	xad	32
96	ST-1.1	16
96	ST-1.2	32
96	ST-1.3	33
96	ST-2.1	7
96	ST-2.2	7
97	xaa	28
97	xab	24
97	xac	23
97	xad	32
97	ST-1.1	16
97	ST-1.2	32
97	ST-1.3	38
97	ST-2.1	7
97	ST-2.2	7
98	xaa	28
98	xab	24
98	xac	22
98	xad	32
98	ST-1.1	16
98	ST-1.2	33
98	ST-1.3	37
98	ST-2.1	8
98	ST-2.2	8
99	xaa	26
99	xab	25
99	xac	20
99	xad	33
99	ST-1.1	16
99	ST-1.2	33
99	ST-1.3	36
99	ST-2.1	7
99	ST-2.2	6
100	xaa	26
100	xab	26
100	xac	20
100	xad	32
100	ST-1.1	16
100	ST-1.2	33
100	ST-1.3	36
100	ST-2.1	6
100	ST-2.2	6
101	xaa	26
101	xab	26
101	xac	20
101	xad	32
101	ST-1.1	16
101	ST-1.2	35
101	ST-1.3	37
101	ST-2.1	6
101	ST-2.2	6
102	xaa	26
102	xab	29
102	xac	20
102	xad	32
102	ST-1.1	16
102	ST-1.2	35
102	ST-1.3	37
102	ST-2.1	6
102	ST-2.2	5
103	xaa	26
103	xab	29
103	xac	21
103	xad	32
103	ST-1.1	16
103	ST-1.2	35
103	ST-1.3	36
103	ST-2.1	6
103	ST-2.2	6
104	xaa	26
104	xab	29
104	xac	21
104	xad	32
104	ST-1.1	16
104	ST-1.2	35
104	ST-1.3	36
104	ST-2.1	6
104	ST-2.2	6
105	xaa	26
105	xab	29
105	xac	21
105	xad	32
105	ST-1.1	16
105	ST-1.2	35
105	ST-1.3	36
105	ST-2.1	6
105	ST-2.2	6
106	xaa	26
106	xab	27
106	xac	19
106	xad	32
106	ST-1.1	17
106	ST-1.2	35
106	ST-1.3	36
106	ST-2.1	5
106	ST-2.2	6
107	xaa	26
107	xab	27
107	xac	19
107	xad	32
107	ST-1.1	17
107	ST-1.2	35
107	ST-1.3	36
107	ST-2.1	5
107	ST-2.2	6
108	xaa	27
108	xab	27
108	xac	19
108	xad	33
108	ST-1.1	17
108	ST-1.2	35
108	ST-1.3	36
108	ST-2.1	5
108	ST-2.2	6
109	xaa	27
109	xab	27
109	xac	19
109	xad	33
109	ST-1.1	17
109	ST-1.2	35
109	ST-1.3	36
109	ST-2.1	5
109	ST-2.2	6
110	xaa	27
110	xab	27
110	xac	18
110	xad	34
110	ST-1.1	16
110	ST-1.2	35
110	ST-1.3	33
110	ST-2.1	5
110	ST-2.2	6
111	xaa	27
111	xab	27
111	xac	18
111	xad	34
111	ST-1.1	16
111	ST-1.2	35
111	ST-1.3	33
111	ST-2.1	5
111	ST-2.2	6
112	xaa	26
112	xab	26
112	xac	18
112	xad	34
112	ST-1.1	16
112	ST-1.2	35
112	ST-1.3	32
112	ST-2.1	5
112	ST-2.2	6
113	xaa	26
113	xab	26
113	xac	18
113	xad	34
113	ST-1.1	16
113	ST-1.2	35
113	ST-1.3	32
113	ST-2.1	5
113	ST-2.2	6
114	xaa	26
114	xab	24
114	xac	18
114	xad	34
114	ST-1.1	16
114	ST-1.2	35
114	ST-1.3	32
114	ST-2.1	5
114	ST-2.2	6
115	xaa	25
115	xab	24
115	xac	18
115	xad	34
115	ST-1.1	16
115	ST-1.2	35
115	ST-1.3	32
115	ST-2.1	5
115	ST-2.2	6
116	xaa	24
116	xab	24
116	xac	18
116	xad	34
116	ST-1.1	16
116	ST-1.2	35
116	ST-1.3	32
116	ST-2.1	5
116	ST-2.2	6
117	xaa	24
117	xab	24
117	xac	18
117	xad	34
117	ST-1.1	16
117	ST-1.2	35
117	ST-1.3	31
117	ST-2.1	5
117	ST-2.2	6
118	xaa	24
118	xab	24
118	xac	17
118	xad	34
118	ST-1.1	16
118	ST-1.2	35
118	ST-1.3	30
118	ST-2.1	4
118	ST-2.2	6
119	xaa	24
119	xab	24
119	xac	17
119	xad	34
119	ST-1.1	16
119	ST-1.2	35
119	ST-1.3	30
119	ST-2.1	4
119	ST-2.2	6
120	xaa	24
120	xab	24
120	xac	16
120	xad	34
120	ST-1.1	16
120	ST-1.2	31
120	ST-1.3	29
120	ST-2.1	4
120	ST-2.2	6
121	xaa	24
121	xab	24
121	xac	16
121	xad	33
121	ST-1.1	16
121	ST-1.2	31
121	ST-1.3	29
121	ST-2.1	4
121	ST-2.2	6
122	xaa	22
122	xab	24
122	xac	16
122	xad	33
122	ST-1.1	16
122	ST-1.2	31
122	ST-1.3	29
122	ST-2.1	5
122	ST-2.2	6
123	xaa	22
123	xab	24
123	xac	16
123	xad	32
123	ST-1.1	15
123	ST-1.2	31
123	ST-1.3	29
123	ST-2.1	5
123	ST-2.2	6
124	xaa	22
124	xab	24
124	xac	16
124	xad	32
124	ST-1.1	14
124	ST-1.2	28
124	ST-1.3	28
124	ST-2.1	4
124	ST-2.2	6
125	xaa	22
125	xab	24
125	xac	16
125	xad	31
125	ST-1.1	14
125	ST-1.2	28
125	ST-1.3	28
125	ST-2.1	4
125	ST-2.2	6
126	xaa	22
126	xab	24
126	xac	16
126	xad	31
126	ST-1.1	15
126	ST-1.2	29
126	ST-1.3	28
126	ST-2.1	4
126	ST-2.2	6
127	xaa	22
127	xab	24
127	xac	16
127	xad	31
127	ST-1.1	15
127	ST-1.2	29
127	ST-1.3	28
127	ST-2.1	4
127	ST-2.2	6
128	xaa	21
128	xab	23
128	xac	16
128	xad	31
128	ST-1.1	14
128	ST-1.2	28
128	ST-1.3	28
128	ST-2.1	4
128	ST-2.2	6
129	xaa	21
129	xab	23
129	xac	16
129	xad	30
129	ST-1.1	13
129	ST-1.2	25
129	ST-1.3	27
129	ST-2.1	4
129	ST-2.2	6
130	xaa	22
130	xab	23
130	xac	16
130	xad	30
130	ST-1.1	13
130	ST-1.2	25
130	ST-1.3	27
130	ST-2.1	4
130	ST-2.2	5
131	xaa	22
131	xab	23
131	xac	16
131	xad	30
131	ST-1.1	13
131	ST-1.2	25
131	ST-1.3	27
131	ST-2.1	4
131	ST-2.2	5
132	xaa	22
132	xab	23
132	xac	16
132	xad	31
132	ST-1.1	13
132	ST-1.2	25
132	ST-1.3	27
132	ST-2.1	4
132	ST-2.2	5
133	xaa	22
133	xab	23
133	xac	16
133	xad	31
133	ST-1.1	13
133	ST-1.2	25
133	ST-1.3	27
133	ST-2.1	4
133	ST-2.2	5
134	xaa	22
134	xab	22
134	xac	16
134	xad	30
134	ST-1.1	12
134	ST-1.2	25
134	ST-1.3	27
134	ST-2.1	4
134	ST-2.2	5
135	xaa	22
135	xab	22
135	xac	16
135	xad	30
135	ST-1.1	12
135	ST-1.2	25
135	ST-1.3	27
135	ST-2.1	4
135	ST-2.2	5
136	xaa	21
136	xab	22
136	xac	16
136	xad	30
136	ST-1.1	12
136	ST-1.2	25
136	ST-1.3	27
136	ST-2.1	4
136	ST-2.2	5
137	xaa	21
137	xab	22
137	xac	16
137	xad	30
137	ST-1.1	12
137	ST-1.2	25
137	ST-1.3	27
137	ST-2.1	4
137	ST-2.2	5
138	xaa	20
138	xab	22
138	xac	17
138	xad	30
138	ST-1.1	12
138	ST-1.2	26
138	ST-1.3	26
138	ST-2.1	4
138	ST-2.2	5
139	xaa	20
139	xab	22
139	xac	17
139	xad	30
139	ST-1.1	12
139	ST-1.2	26
139	ST-1.3	26
139	ST-2.1	4
139	ST-2.2	5
140	xaa	20
140	xab	20
140	xac	17
140	xad	30
140	ST-1.1	12
140	ST-1.2	26
140	ST-1.3	26
140	ST-2.1	4
140	ST-2.2	5
141	xaa	21
141	xab	20
141	xac	17
141	xad	31
141	ST-1.1	12
141	ST-1.2	26
141	ST-1.3	26
141	ST-2.1	4
141	ST-2.2	6
142	xaa	21
142	xab	20
142	xac	17
142	xad	31
142	ST-1.1	12
142	ST-1.2	26
142	ST-1.3	26
142	ST-2.1	4
142	ST-2.2	6
143	xaa	21
143	xab	20
143	xac	17
143	xad	31
143	ST-1.1	11
143	ST-1.2	26
143	ST-1.3	25
143	ST-2.1	5
143	ST-2.2	8
144	xaa	21
144	xab	20
144	xac	17
144	xad	31
144	ST-1.1	11
144	ST-1.2	26
144	ST-1.3	25
144	ST-2.1	5
144	ST-2.2	8
145	xaa	21
145	xab	20
145	xac	17
145	xad	32
145	ST-1.1	11
145	ST-1.2	26
145	ST-1.3	24
145	ST-2.1	5
145	ST-2.2	8
146	xaa	21
146	xab	20
146	xac	17
146	xad	32
146	ST-1.1	11
146	ST-1.2	26
146	ST-1.3	24
146	ST-2.1	5
146	ST-2.2	8
147	xaa	20
147	xab	19
147	xac	17
147	xad	32
147	ST-1.1	11
147	ST-1.2	26
147	ST-1.3	24
147	ST-2.1	5
147	ST-2.2	8
148	xaa	20
148	xab	19
148	xac	17
148	xad	32
148	ST-1.1	11
148	ST-1.2	26
148	ST-1.3	24
148	ST-2.1	5
148	ST-2.2	8
149	xaa	20
149	xab	19
149	xac	17
149	xad	32
149	ST-1.1	11
149	ST-1.2	26
149	ST-1.3	22
149	ST-2.1	5
149	ST-2.2	8
150	xaa	20
150	xab	19
150	xac	17
150	xad	32
150	ST-1.1	11
150	ST-1.2	26
150	ST-1.3	22
150	ST-2.1	5
150	ST-2.2	8
151	xaa	20
151	xab	19
151	xac	17
151	xad	31
151	ST-1.1	11
151	ST-1.2	26
151	ST-1.3	22
151	ST-2.1	5
151	ST-2.2	8
152	xaa	20
152	xab	19
152	xac	17
152	xad	31
152	ST-1.1	12
152	ST-1.2	26
152	ST-1.3	22
152	ST-2.1	5
152	ST-2.2	8
153	xaa	20
153	xab	20
153	xac	17
153	xad	31
153	ST-1.1	12
153	ST-1.2	27
153	ST-1.3	23
153	ST-2.1	5
153	ST-2.2	8
154	xaa	20
154	xab	20
154	xac	17
154	xad	30
154	ST-1.1	12
154	ST-1.2	30
154	ST-1.3	23
154	ST-2.1	5
154	ST-2.2	8
155	xaa	20
155	xab	22
155	xac	17
155	xad	30
155	ST-1.1	12
155	ST-1.2	31
155	ST-1.3	21
155	ST-2.1	5
155	ST-2.2	8
156	xaa	20
156	xab	22
156	xac	17
156	xad	29
156	ST-1.1	12
156	ST-1.2	30
156	ST-1.3	19
156	ST-2.1	5
156	ST-2.2	7
157	xaa	20
157	xab	22
157	xac	17
157	xad	29
157	ST-1.1	11
157	ST-1.2	27
157	ST-1.3	15
157	ST-2.1	5
157	ST-2.2	8
158	xaa	20
158	xab	24
158	xac	17
158	xad	29
158	ST-1.1	12
158	ST-1.2	29
158	ST-1.3	15
158	ST-2.1	5
158	ST-2.2	8
159	xaa	19
159	xab	24
159	xac	17
159	xad	29
159	ST-1.1	12
159	ST-1.2	29
159	ST-1.3	15
159	ST-2.1	5
159	ST-2.2	9
160	xaa	19
160	xab	24
160	xac	17
160	xad	29
160	ST-1.1	12
160	ST-1.2	29
160	ST-1.3	15
160	ST-2.1	5
160	ST-2.2	9
161	xaa	19
161	xab	24
161	xac	17
161	xad	29
161	ST-1.1	14
161	ST-1.2	31
161	ST-1.3	15
161	ST-2.1	5
161	ST-2.2	9
162	xaa	18
162	xab	24
162	xac	17
162	xad	29
162	ST-1.1	14
162	ST-1.2	31
162	ST-1.3	15
162	ST-2.1	7
162	ST-2.2	13
163	xaa	18
163	xab	24
163	xac	17
163	xad	29
163	ST-1.1	14
163	ST-1.2	31
163	ST-1.3	15
163	ST-2.1	7
163	ST-2.2	13
164	xaa	18
164	xab	24
164	xac	17
164	xad	29
164	ST-1.1	14
164	ST-1.2	31
164	ST-1.3	16
164	ST-2.1	7
164	ST-2.2	13
165	xaa	18
165	xab	24
165	xac	17
165	xad	28
165	ST-1.1	14
165	ST-1.2	31
165	ST-1.3	16
165	ST-2.1	7
165	ST-2.2	13
166	xaa	18
166	xab	24
166	xac	17
166	xad	28
166	ST-1.1	14
166	ST-1.2	31
166	ST-1.3	16
166	ST-2.1	7
166	ST-2.2	13
167	xaa	19
167	xab	25
167	xac	17
167	xad	28
167	ST-1.1	14
167	ST-1.2	30
167	ST-1.3	16
167	ST-2.1	6
167	ST-2.2	13
168	xaa	18
168	xab	25
168	xac	17
168	xad	28
168	ST-1.1	14
168	ST-1.2	30
168	ST-1.3	16
168	ST-2.1	6
168	ST-2.2	13
169	xaa	18
169	xab	27
169	xac	17
169	xad	28
169	ST-1.1	14
169	ST-1.2	38
169	ST-1.3	20
169	ST-2.1	6
169	ST-2.2	16
170	xaa	17
170	xab	27
170	xac	16
170	xad	28
170	ST-1.1	15
170	ST-1.2	38
170	ST-1.3	20
170	ST-2.1	6
170	ST-2.2	16
171	xaa	17
171	xab	27
171	xac	16
171	xad	28
171	ST-1.1	15
171	ST-1.2	37
171	ST-1.3	20
171	ST-2.1	6
171	ST-2.2	16
172	xaa	17
172	xab	27
172	xac	16
172	xad	28
172	ST-1.1	15
172	ST-1.2	37
172	ST-1.3	20
172	ST-2.1	6
172	ST-2.2	16
173	xaa	17
173	xab	27
173	xac	16
173	xad	28
173	ST-1.1	15
173	ST-1.2	37
173	ST-1.3	20
173	ST-2.1	6
173	ST-2.2	16
174	xaa	17
174	xab	25
174	xac	16
174	xad	28
174	ST-1.1	15
174	ST-1.2	37
174	ST-1.3	20
174	ST-2.1	6
174	ST-2.2	16
175	xaa	17
175	xab	26
175	xac	17
175	xad	30
175	ST-1.1	14
175	ST-1.2	35
175	ST-1.3	20
175	ST-2.1	6
175	ST-2.2	16
176	xaa	17
176	xab	26
176	xac	17
176	xad	30
176	ST-1.1	11
176	ST-1.2	33
176	ST-1.3	20
176	ST-2.1	6
176	ST-2.2	16
177	xaa	17
177	xab	26
177	xac	17
177	xad	29
177	ST-1.1	11
177	ST-1.2	31
177	ST-1.3	20
177	ST-2.1	6
177	ST-2.2	16
178	xaa	17
178	xab	26
178	xac	17
178	xad	30
178	ST-1.1	11
178	ST-1.2	31
178	ST-1.3	20
178	ST-2.1	6
178	ST-2.2	16
179	xaa	17
179	xab	29
179	xac	16
179	xad	31
179	ST-1.1	10
179	ST-1.2	31
179	ST-1.3	20
179	ST-2.1	6
179	ST-2.2	16
180	xaa	17
180	xab	28
180	xac	16
180	xad	31
180	ST-1.1	12
180	ST-1.2	32
180	ST-1.3	22
180	ST-2.1	6
180	ST-2.2	20
181	xaa	16
181	xab	27
181	xac	17
181	xad	31
181	ST-1.1	12
181	ST-1.2	32
181	ST-1.3	22
181	ST-2.1	7
181	ST-2.2	21
182	xaa	19
182	xab	27
182	xac	17
182	xad	31
182	ST-1.1	14
182	ST-1.2	33
182	ST-1.3	22
182	ST-2.1	7
182	ST-2.2	20
183	xaa	19
183	xab	27
183	xac	17
183	xad	30
183	ST-1.1	14
183	ST-1.2	35
183	ST-1.3	22
183	ST-2.1	7
183	ST-2.2	20
184	xaa	18
184	xab	27
184	xac	17
184	xad	30
184	ST-1.1	14
184	ST-1.2	36
184	ST-1.3	25
184	ST-2.1	7
184	ST-2.2	20
185	xaa	18
185	xab	30
185	xac	17
185	xad	30
185	ST-1.1	14
185	ST-1.2	37
185	ST-1.3	26
185	ST-2.1	7
185	ST-2.2	20
186	xaa	18
186	xab	30
186	xac	17
186	xad	30
186	ST-1.1	14
186	ST-1.2	37
186	ST-1.3	25
186	ST-2.1	7
186	ST-2.2	20
187	xaa	18
187	xab	29
187	xac	17
187	xad	31
187	ST-1.1	14
187	ST-1.2	36
187	ST-1.3	25
187	ST-2.1	8
187	ST-2.2	20
188	xaa	18
188	xab	29
188	xac	19
188	xad	31
188	ST-1.1	14
188	ST-1.2	37
188	ST-1.3	26
188	ST-2.1	8
188	ST-2.2	20
189	xaa	18
189	xab	29
189	xac	19
189	xad	30
189	ST-1.1	15
189	ST-1.2	38
189	ST-1.3	28
189	ST-2.1	8
189	ST-2.2	20
190	xaa	18
190	xab	28
190	xac	19
190	xad	30
190	ST-1.1	17
190	ST-1.2	38
190	ST-1.3	28
190	ST-2.1	8
190	ST-2.2	20
191	xaa	18
191	xab	28
191	xac	21
191	xad	30
191	ST-1.1	17
191	ST-1.2	38
191	ST-1.3	28
191	ST-2.1	8
191	ST-2.2	20
192	xaa	18
192	xab	28
192	xac	21
192	xad	30
192	ST-1.1	18
192	ST-1.2	38
192	ST-1.3	29
192	ST-2.1	8
192	ST-2.2	20
193	xaa	19
193	xab	28
193	xac	20
193	xad	30
193	ST-1.1	18
193	ST-1.2	38
193	ST-1.3	29
193	ST-2.1	8
193	ST-2.2	20
194	xaa	19
194	xab	27
194	xac	20
194	xad	32
194	ST-1.1	18
194	ST-1.2	38
194	ST-1.3	29
194	ST-2.1	8
194	ST-2.2	20
195	xaa	20
195	xab	26
195	xac	21
195	xad	32
195	ST-1.1	18
195	ST-1.2	38
195	ST-1.3	29
195	ST-2.1	8
195	ST-2.2	21
196	xaa	20
196	xab	26
196	xac	21
196	xad	32
196	ST-1.1	18
196	ST-1.2	38
196	ST-1.3	29
196	ST-2.1	8
196	ST-2.2	21
197	xaa	29
197	xab	23
197	xac	19
197	xad	25
197	ST-1.1	9
197	ST-1.2	17
197	ST-1.3	11
197	ST-2.1	7
197	ST-2.2	16
198	xaa	29
198	xab	23
198	xac	21
198	xad	25
198	ST-1.1	9
198	ST-1.2	17
198	ST-1.3	11
198	ST-2.1	7
198	ST-2.2	16
199	xaa	29
199	xab	23
199	xac	21
199	xad	25
199	ST-1.1	9
199	ST-1.2	17
199	ST-1.3	11
199	ST-2.1	7
199	ST-2.2	18
200	xaa	29
200	xab	23
200	xac	21
200	xad	25
200	ST-1.1	9
200	ST-1.2	17
200	ST-1.3	11
200	ST-2.1	7
200	ST-2.2	18
201	xaa	29
201	xab	23
201	xac	23
201	xad	27
201	ST-1.1	9
201	ST-1.2	17
201	ST-1.3	11
201	ST-2.1	7
201	ST-2.2	18
202	xaa	29
202	xab	23
202	xac	22
202	xad	27
202	ST-1.1	9
202	ST-1.2	17
202	ST-1.3	11
202	ST-2.1	7
202	ST-2.2	18
203	xaa	30
203	xab	23
203	xac	22
203	xad	27
203	ST-1.1	9
203	ST-1.2	17
203	ST-1.3	11
203	ST-2.1	7
203	ST-2.2	18
204	xaa	30
204	xab	24
204	xac	22
204	xad	27
204	ST-1.1	9
204	ST-1.2	16
204	ST-1.3	11
204	ST-2.1	7
204	ST-2.2	18
205	xaa	31
205	xab	24
205	xac	24
205	xad	27
205	ST-1.1	9
205	ST-1.2	16
205	ST-1.3	11
205	ST-2.1	7
205	ST-2.2	18
206	xaa	32
206	xab	24
206	xac	24
206	xad	29
206	ST-1.1	9
206	ST-1.2	16
206	ST-1.3	11
206	ST-2.1	7
206	ST-2.2	18
207	xaa	32
207	xab	24
207	xac	24
207	xad	29
207	ST-1.1	9
207	ST-1.2	16
207	ST-1.3	11
207	ST-2.1	7
207	ST-2.2	18
208	xaa	32
208	xab	24
208	xac	24
208	xad	29
208	ST-1.1	9
208	ST-1.2	16
208	ST-1.3	11
208	ST-2.1	7
208	ST-2.2	18
209	xaa	32
209	xab	24
209	xac	25
209	xad	29
209	ST-1.1	9
209	ST-1.2	16
209	ST-1.3	11
209	ST-2.1	7
209	ST-2.2	18
210	xaa	32
210	xab	24
210	xac	25
210	xad	29
210	ST-1.1	9
210	ST-1.2	16
210	ST-1.3	11
210	ST-2.1	7
210	ST-2.2	17
211	xaa	32
211	xab	24
211	xac	25
211	xad	29
211	ST-1.1	9
211	ST-1.2	16
211	ST-1.3	11
211	ST-2.1	7
211	ST-2.2	17
212	xaa	32
212	xab	25
212	xac	25
212	xad	29
212	ST-1.1	9
212	ST-1.2	16
212	ST-1.3	11
212	ST-2.1	7
212	ST-2.2	17
213	xaa	32
213	xab	25
213	xac	25
213	xad	29
213	ST-1.1	9
213	ST-1.2	16
213	ST-1.3	11
213	ST-2.1	7
213	ST-2.2	17
214	xaa	32
214	xab	25
214	xac	25
214	xad	29
214	ST-1.1	10
214	ST-1.2	18
214	ST-1.3	14
214	ST-2.1	7
214	ST-2.2	16
215	xaa	32
215	xab	27
215	xac	25
215	xad	29
215	ST-1.1	10
215	ST-1.2	19
215	ST-1.3	14
215	ST-2.1	7
215	ST-2.2	16
216	xaa	32
216	xab	27
216	xac	26
216	xad	29
216	ST-1.1	11
216	ST-1.2	19
216	ST-1.3	14
216	ST-2.1	7
216	ST-2.2	16
217	xaa	32
217	xab	26
217	xac	26
217	xad	28
217	ST-1.1	11
217	ST-1.2	19
217	ST-1.3	14
217	ST-2.1	7
217	ST-2.2	16
218	xaa	32
218	xab	26
218	xac	27
218	xad	28
218	ST-1.1	11
218	ST-1.2	19
218	ST-1.3	16
218	ST-2.1	7
218	ST-2.2	16
219	xaa	31
219	xab	26
219	xac	27
219	xad	28
219	ST-1.1	11
219	ST-1.2	19
219	ST-1.3	16
219	ST-2.1	7
219	ST-2.2	16
220	xaa	31
220	xab	26
220	xac	27
220	xad	28
220	ST-1.1	11
220	ST-1.2	19
220	ST-1.3	16
220	ST-2.1	7
220	ST-2.2	16
221	xaa	31
221	xab	26
221	xac	27
221	xad	27
221	ST-1.1	11
221	ST-1.2	19
221	ST-1.3	16
221	ST-2.1	7
221	ST-2.2	16
222	xaa	29
222	xab	26
222	xac	27
222	xad	27
222	ST-1.1	11
222	ST-1.2	19
222	ST-1.3	16
222	ST-2.1	7
222	ST-2.2	16
223	xaa	29
223	xab	26
223	xac	27
223	xad	27
223	ST-1.1	11
223	ST-1.2	19
223	ST-1.3	16
223	ST-2.1	7
223	ST-2.2	16
224	xaa	29
224	xab	26
224	xac	27
224	xad	27
224	ST-1.1	11
224	ST-1.2	19
224	ST-1.3	18
224	ST-2.1	8
224	ST-2.2	17
225	xaa	29
225	xab	26
225	xac	27
225	xad	27
225	ST-1.1	11
225	ST-1.2	19
225	ST-1.3	18
225	ST-2.1	8
225	ST-2.2	18
226	xaa	28
226	xab	26
226	xac	28
226	xad	26
226	ST-1.1	11
226	ST-1.2	19
226	ST-1.3	18
226	ST-2.1	6
226	ST-2.2	17
227	xaa	29
227	xab	26
227	xac	28
227	xad	26
227	ST-1.1	11
227	ST-1.2	19
227	ST-1.3	17
227	ST-2.1	6
227	ST-2.2	17
228	xaa	29
228	xab	26
228	xac	28
228	xad	26
228	ST-1.1	11
228	ST-1.2	19
228	ST-1.3	17
228	ST-2.1	6
228	ST-2.2	17
229	xaa	28
229	xab	26
229	xac	28
229	xad	27
229	ST-1.1	11
229	ST-1.2	19
229	ST-1.3	17
229	ST-2.1	6
229	ST-2.2	16
230	xaa	28
230	xab	26
230	xac	28
230	xad	27
230	ST-1.1	11
230	ST-1.2	19
230	ST-1.3	17
230	ST-2.1	6
230	ST-2.2	15
231	xaa	29
231	xab	26
231	xac	28
231	xad	27
231	ST-1.1	11
231	ST-1.2	19
231	ST-1.3	17
231	ST-2.1	6
231	ST-2.2	15
232	xaa	29
232	xab	26
232	xac	28
232	xad	27
232	ST-1.1	11
232	ST-1.2	19
232	ST-1.3	17
232	ST-2.1	6
232	ST-2.2	15
233	xaa	29
233	xab	22
233	xac	28
233	xad	28
233	ST-1.1	11
233	ST-1.2	19
233	ST-1.3	17
233	ST-2.1	6
233	ST-2.2	15
234	xaa	29
234	xab	22
234	xac	28
234	xad	28
234	ST-1.1	11
234	ST-1.2	19
234	ST-1.3	17
234	ST-2.1	7
234	ST-2.2	15
235	xaa	28
235	xab	22
235	xac	27
235	xad	28
235	ST-1.1	10
235	ST-1.2	18
235	ST-1.3	17
235	ST-2.1	7
235	ST-2.2	18
236	xaa	28
236	xab	22
236	xac	27
236	xad	29
236	ST-1.1	10
236	ST-1.2	19
236	ST-1.3	18
236	ST-2.1	7
236	ST-2.2	18
237	xaa	28
237	xab	22
237	xac	27
237	xad	29
237	ST-1.1	10
237	ST-1.2	19
237	ST-1.3	18
237	ST-2.1	7
237	ST-2.2	18
238	xaa	28
238	xab	22
238	xac	27
238	xad	29
238	ST-1.1	10
238	ST-1.2	19
238	ST-1.3	18
238	ST-2.1	7
238	ST-2.2	18
239	xaa	28
239	xab	22
239	xac	27
239	xad	29
239	ST-1.1	10
239	ST-1.2	19
239	ST-1.3	18
239	ST-2.1	7
239	ST-2.2	18
240	xaa	28
240	xab	22
240	xac	27
240	xad	29
240	ST-1.1	10
240	ST-1.2	19
240	ST-1.3	18
240	ST-2.1	7
240	ST-2.2	18
241	xaa	28
241	xab	22
241	xac	27
241	xad	29
241	ST-1.1	10
241	ST-1.2	19
241	ST-1.3	18
241	ST-2.1	7
241	ST-2.2	18
242	xaa	28
242	xab	22
242	xac	27
242	xad	30
242	ST-1.1	10
242	ST-1.2	19
242	ST-1.3	19
242	ST-2.1	7
242	ST-2.2	18
243	xaa	28
243	xab	22
243	xac	27
243	xad	30
243	ST-1.1	10
243	ST-1.2	19
243	ST-1.3	20
243	ST-2.1	7
243	ST-2.2	18
244	xaa	29
244	xab	22
244	xac	27
244	xad	30
244	ST-1.1	11
244	ST-1.2	19
244	ST-1.3	20
244	ST-2.1	6
244	ST-2.2	18
245	xaa	29
245	xab	22
245	xac	26
245	xad	30
245	ST-1.1	11
245	ST-1.2	19
245	ST-1.3	15
245	ST-2.1	6
245	ST-2.2	18
246	xaa	27
246	xab	22
246	xac	26
246	xad	30
246	ST-1.1	11
246	ST-1.2	19
246	ST-1.3	15
246	ST-2.1	6
246	ST-2.2	18
247	xaa	26
247	xab	22
247	xac	25
247	xad	30
247	ST-1.1	11
247	ST-1.2	19
247	ST-1.3	15
247	ST-2.1	6
247	ST-2.2	18
248	xaa	27
248	xab	22
248	xac	25
248	xad	30
248	ST-1.1	11
248	ST-1.2	19
248	ST-1.3	15
248	ST-2.1	6
248	ST-2.2	18
249	xaa	27
249	xab	22
249	xac	25
249	xad	29
249	ST-1.1	11
249	ST-1.2	19
249	ST-1.3	15
249	ST-2.1	5
249	ST-2.2	17
250	xaa	27
250	xab	22
250	xac	25
250	xad	29
250	ST-1.1	11
250	ST-1.2	19
250	ST-1.3	15
250	ST-2.1	6
250	ST-2.2	17
251	xaa	28
251	xab	22
251	xac	25
251	xad	28
251	ST-1.1	11
251	ST-1.2	19
251	ST-1.3	15
251	ST-2.1	6
251	ST-2.2	16
252	xaa	28
252	xab	22
252	xac	25
252	xad	28
252	ST-1.1	11
252	ST-1.2	19
252	ST-1.3	15
252	ST-2.1	6
252	ST-2.2	16
253	xaa	27
253	xab	22
253	xac	25
253	xad	28
253	ST-1.1	11
253	ST-1.2	19
253	ST-1.3	15
253	ST-2.1	6
253	ST-2.2	16
254	xaa	27
254	xab	24
254	xac	26
254	xad	29
254	ST-1.1	11
254	ST-1.2	19
254	ST-1.3	15
254	ST-2.1	6
254	ST-2.2	17
255	xaa	27
255	xab	25
255	xac	26
255	xad	29
255	ST-1.1	11
255	ST-1.2	19
255	ST-1.3	15
255	ST-2.1	6
255	ST-2.2	17
256	xaa	27
256	xab	25
256	xac	26
256	xad	28
256	ST-1.1	11
256	ST-1.2	19
256	ST-1.3	15
256	ST-2.1	6
256	ST-2.2	17
257	xaa	26
257	xab	25
257	xac	29
257	xad	28
257	ST-1.1	11
257	ST-1.2	19
257	ST-1.3	15
257	ST-2.1	6
257	ST-2.2	17
258	xaa	26
258	xab	25
258	xac	29
258	xad	28
258	ST-1.1	11
258	ST-1.2	19
258	ST-1.3	15
258	ST-2.1	6
258	ST-2.2	17
259	xaa	26
259	xab	25
259	xac	29
259	xad	28
259	ST-1.1	11
259	ST-1.2	19
259	ST-1.3	15
259	ST-2.1	6
259	ST-2.2	17
260	xaa	25
260	xab	25
260	xac	29
260	xad	30
260	ST-1.1	11
260	ST-1.2	19
260	ST-1.3	15
260	ST-2.1	6
260	ST-2.2	17
261	xaa	26
261	xab	26
261	xac	27
261	xad	30
261	ST-1.1	11
261	ST-1.2	19
261	ST-1.3	15
261	ST-2.1	6
261	ST-2.2	17
262	xaa	26
262	xab	31
262	xac	26
262	xad	30
262	ST-1.1	11
262	ST-1.2	18
262	ST-1.3	15
262	ST-2.1	6
262	ST-2.2	17
263	xaa	27
263	xab	31
263	xac	24
263	xad	30
263	ST-1.1	11
263	ST-1.2	18
263	ST-1.3	15
263	ST-2.1	6
263	ST-2.2	17
264	xaa	27
264	xab	33
264	xac	26
264	xad	30
264	ST-1.1	11
264	ST-1.2	18
264	ST-1.3	15
264	ST-2.1	6
264	ST-2.2	17
265	xaa	27
265	xab	33
265	xac	26
265	xad	31
265	ST-1.1	11
265	ST-1.2	18
265	ST-1.3	15
265	ST-2.1	6
265	ST-2.2	17
266	xaa	27
266	xab	33
266	xac	26
266	xad	31
266	ST-1.1	11
266	ST-1.2	18
266	ST-1.3	15
266	ST-2.1	6
266	ST-2.2	17
267	xaa	26
267	xab	33
267	xac	26
267	xad	31
267	ST-1.1	11
267	ST-1.2	18
267	ST-1.3	15
267	ST-2.1	6
267	ST-2.2	17
268	xaa	26
268	xab	33
268	xac	26
268	xad	31
268	ST-1.1	11
268	ST-1.2	18
268	ST-1.3	14
268	ST-2.1	6
268	ST-2.2	17
269	xaa	26
269	xab	33
269	xac	27
269	xad	31
269	ST-1.1	11
269	ST-1.2	18
269	ST-1.3	14
269	ST-2.1	6
269	ST-2.2	17
270	xaa	26
270	xab	33
270	xac	27
270	xad	31
270	ST-1.1	10
270	ST-1.2	17
270	ST-1.3	14
270	ST-2.1	6
270	ST-2.2	16
271	xaa	26
271	xab	32
271	xac	27
271	xad	31
271	ST-1.1	9
271	ST-1.2	14
271	ST-1.3	14
271	ST-2.1	6
271	ST-2.2	16
272	xaa	26
272	xab	32
272	xac	27
272	xad	31
272	ST-1.1	6
272	ST-1.2	13
272	ST-1.3	12
272	ST-2.1	6
272	ST-2.2	16
273	xaa	26
273	xab	32
273	xac	27
273	xad	31
273	ST-1.1	6
273	ST-1.2	13
273	ST-1.3	13
273	ST-2.1	6
273	ST-2.2	16
274	xaa	26
274	xab	33
274	xac	27
274	xad	31
274	ST-1.1	6
274	ST-1.2	13
274	ST-1.3	13
274	ST-2.1	6
274	ST-2.2	16
275	xaa	26
275	xab	33
275	xac	27
275	xad	31
275	ST-1.1	6
275	ST-1.2	13
275	ST-1.3	12
275	ST-2.1	5
275	ST-2.2	16
276	xaa	26
276	xab	33
276	xac	28
276	xad	29
276	ST-1.1	6
276	ST-1.2	14
276	ST-1.3	13
276	ST-2.1	6
276	ST-2.2	16
277	xaa	26
277	xab	32
277	xac	27
277	xad	29
277	ST-1.1	6
277	ST-1.2	14
277	ST-1.3	13
277	ST-2.1	7
277	ST-2.2	14
278	xaa	29
278	xab	32
278	xac	27
278	xad	29
278	ST-1.1	7
278	ST-1.2	15
278	ST-1.3	13
278	ST-2.1	7
278	ST-2.2	14
279	xaa	29
279	xab	34
279	xac	28
279	xad	29
279	ST-1.1	7
279	ST-1.2	15
279	ST-1.3	13
279	ST-2.1	7
279	ST-2.2	14
280	xaa	29
280	xab	34
280	xac	29
280	xad	29
280	ST-1.1	7
280	ST-1.2	15
280	ST-1.3	13
280	ST-2.1	7
280	ST-2.2	13
281	xaa	29
281	xab	34
281	xac	29
281	xad	29
281	ST-1.1	7
281	ST-1.2	15
281	ST-1.3	13
281	ST-2.1	7
281	ST-2.2	13
282	xaa	29
282	xab	34
282	xac	30
282	xad	27
282	ST-1.1	7
282	ST-1.2	14
282	ST-1.3	13
282	ST-2.1	7
282	ST-2.2	12
283	xaa	28
283	xab	33
283	xac	31
283	xad	27
283	ST-1.1	6
283	ST-1.2	14
283	ST-1.3	15
283	ST-2.1	7
283	ST-2.2	12
284	xaa	30
284	xab	33
284	xac	33
284	xad	27
284	ST-1.1	6
284	ST-1.2	13
284	ST-1.3	15
284	ST-2.1	7
284	ST-2.2	12
285	xaa	30
285	xab	34
285	xac	33
285	xad	27
285	ST-1.1	6
285	ST-1.2	13
285	ST-1.3	15
285	ST-2.1	6
285	ST-2.2	13
286	xaa	30
286	xab	35
286	xac	33
286	xad	27
286	ST-1.1	6
286	ST-1.2	13
286	ST-1.3	15
286	ST-2.1	6
286	ST-2.2	15
287	xaa	29
287	xab	35
287	xac	33
287	xad	27
287	ST-1.1	6
287	ST-1.2	13
287	ST-1.3	15
287	ST-2.1	6
287	ST-2.2	15
288	xaa	29
288	xab	35
288	xac	33
288	xad	27
288	ST-1.1	6
288	ST-1.2	13
288	ST-1.3	15
288	ST-2.1	6
288	ST-2.2	15
289	xaa	31
289	xab	35
289	xac	33
289	xad	27
289	ST-1.1	6
289	ST-1.2	13
289	ST-1.3	15
289	ST-2.1	6
289	ST-2.2	15
290	xaa	31
290	xab	33
290	xac	33
290	xad	27
290	ST-1.1	6
290	ST-1.2	13
290	ST-1.3	15
290	ST-2.1	6
290	ST-2.2	15
291	xaa	31
291	xab	33
291	xac	33
291	xad	28
291	ST-1.1	6
291	ST-1.2	13
291	ST-1.3	15
291	ST-2.1	6
291	ST-2.2	14
292	xaa	31
292	xab	33
292	xac	33
292	xad	28
292	ST-1.1	6
292	ST-1.2	13
292	ST-1.3	15
292	ST-2.1	6
292	ST-2.2	14
293	xaa	32
293	xab	33
293	xac	33
293	xad	28
293	ST-1.1	6
293	ST-1.2	13
293	ST-1.3	15
293	ST-2.1	6
293	ST-2.2	14
294	xaa	32
294	xab	33
294	xac	34
294	xad	29
294	ST-1.1	6
294	ST-1.2	13
294	ST-1.3	15
294	ST-2.1	6
294	ST-2.2	14
295	xaa	32
295	xab	33
295	xac	34
295	xad	29
295	ST-1.1	6
295	ST-1.2	13
295	ST-1.3	15
295	ST-2.1	6
295	ST-2.2	14
296	xaa	32
296	xab	33
296	xac	34
296	xad	29
296	ST-1.1	6
296	ST-1.2	13
296	ST-1.3	15
296	ST-2.1	6
296	ST-2.2	14
297	xaa	32
297	xab	33
297	xac	34
297	xad	29
297	ST-1.1	6
297	ST-1.2	13
297	ST-1.3	15
297	ST-2.1	6
297	ST-2.2	14
298	xaa	32
298	xab	33
298	xac	34
298	xad	29
298	ST-1.1	6
298	ST-1.2	13
298	ST-1.3	15
298	ST-2.1	6
298	ST-2.2	14
299	xaa	32
299	xab	33
299	xac	34
299	xad	29
299	ST-1.1	6
299	ST-1.2	13
299	ST-1.3	15
299	ST-2.1	6
299	ST-2.2	14
300	xaa	31
300	xab	33
300	xac	34
300	xad	29
300	ST-1.1	6
300	ST-1.2	13
300	ST-1.3	16
300	ST-2.1	6
300	ST-2.2	15
301	xaa	31
301	xab	31
301	xac	34
301	xad	29
301	ST-1.1	6
301	ST-1.2	11
301	ST-1.3	16
301	ST-2.1	6
301	ST-2.2	15
302	xaa	31
302	xab	31
302	xac	34
302	xad	29
302	ST-1.1	6
302	ST-1.2	11
302	ST-1.3	16
302	ST-2.1	6
302	ST-2.2	15
303	xaa	31
303	xab	31
303	xac	35
303	xad	30
303	ST-1.1	6
303	ST-1.2	11
303	ST-1.3	16
303	ST-2.1	6
303	ST-2.2	15
304	xaa	31
304	xab	31
304	xac	35
304	xad	29
304	ST-1.1	6
304	ST-1.2	10
304	ST-1.3	16
304	ST-2.1	6
304	ST-2.2	15
305	xaa	31
305	xab	32
305	xac	35
305	xad	29
305	ST-1.1	6
305	ST-1.2	10
305	ST-1.3	16
305	ST-2.1	6
305	ST-2.2	16
306	xaa	31
306	xab	30
306	xac	35
306	xad	29
306	ST-1.1	6
306	ST-1.2	10
306	ST-1.3	16
306	ST-2.1	6
306	ST-2.2	16
307	xaa	33
307	xab	29
307	xac	35
307	xad	29
307	ST-1.1	6
307	ST-1.2	10
307	ST-1.3	16
307	ST-2.1	6
307	ST-2.2	16
308	xaa	32
308	xab	28
308	xac	35
308	xad	29
308	ST-1.1	6
308	ST-1.2	10
308	ST-1.3	16
308	ST-2.1	6
308	ST-2.2	16
309	xaa	32
309	xab	28
309	xac	37
309	xad	29
309	ST-1.1	6
309	ST-1.2	10
309	ST-1.3	16
309	ST-2.1	6
309	ST-2.2	16
310	xaa	30
310	xab	28
310	xac	37
310	xad	28
310	ST-1.1	6
310	ST-1.2	10
310	ST-1.3	16
310	ST-2.1	6
310	ST-2.2	16
311	xaa	31
311	xab	27
311	xac	37
311	xad	27
311	ST-1.1	6
311	ST-1.2	10
311	ST-1.3	16
311	ST-2.1	6
311	ST-2.2	16
312	xaa	32
312	xab	28
312	xac	37
312	xad	27
312	ST-1.1	6
312	ST-1.2	10
312	ST-1.3	16
312	ST-2.1	6
312	ST-2.2	17
313	xaa	31
313	xab	28
313	xac	36
313	xad	27
313	ST-1.1	6
313	ST-1.2	10
313	ST-1.3	16
313	ST-2.1	6
313	ST-2.2	17
314	xaa	31
314	xab	29
314	xac	37
314	xad	27
314	ST-1.1	6
314	ST-1.2	9
314	ST-1.3	16
314	ST-2.1	6
314	ST-2.2	17
315	xaa	31
315	xab	29
315	xac	36
315	xad	27
315	ST-1.1	6
315	ST-1.2	9
315	ST-1.3	16
315	ST-2.1	5
315	ST-2.2	15
316	xaa	30
316	xab	28
316	xac	36
316	xad	27
316	ST-1.1	6
316	ST-1.2	9
316	ST-1.3	16
316	ST-2.1	5
316	ST-2.2	15
317	xaa	30
317	xab	29
317	xac	38
317	xad	25
317	ST-1.1	6
317	ST-1.2	9
317	ST-1.3	16
317	ST-2.1	5
317	ST-2.2	15
318	xaa	30
318	xab	29
318	xac	38
318	xad	25
318	ST-1.1	7
318	ST-1.2	9
318	ST-1.3	16
318	ST-2.1	5
318	ST-2.2	15
319	xaa	30
319	xab	26
319	xac	38
319	xad	25
319	ST-1.1	7
319	ST-1.2	9
319	ST-1.3	16
319	ST-2.1	5
319	ST-2.2	15
320	xaa	30
320	xab	26
320	xac	38
320	xad	25
320	ST-1.1	7
320	ST-1.2	9
320	ST-1.3	16
320	ST-2.1	5
320	ST-2.2	15
321	xaa	30
321	xab	26
321	xac	38
321	xad	25
321	ST-1.1	7
321	ST-1.2	8
321	ST-1.3	16
321	ST-2.1	5
321	ST-2.2	15
322	xaa	32
322	xab	26
322	xac	38
322	xad	25
322	ST-1.1	7
322	ST-1.2	8
322	ST-1.3	16
322	ST-2.1	5
322	ST-2.2	15
323	xaa	28
323	xab	26
323	xac	38
323	xad	25
323	ST-1.1	7
323	ST-1.2	8
323	ST-1.3	16
323	ST-2.1	5
323	ST-2.2	15
324	xaa	27
324	xab	27
324	xac	38
324	xad	25
324	ST-1.1	7
324	ST-1.2	8
324	ST-1.3	16
324	ST-2.1	5
324	ST-2.2	15
325	xaa	27
325	xab	27
325	xac	38
325	xad	24
325	ST-1.1	7
325	ST-1.2	8
325	ST-1.3	16
325	ST-2.1	5
325	ST-2.2	15
326	xaa	27
326	xab	27
326	xac	37
326	xad	24
326	ST-1.1	7
326	ST-1.2	8
326	ST-1.3	16
326	ST-2.1	5
326	ST-2.2	15
327	xaa	27
327	xab	27
327	xac	37
327	xad	24
327	ST-1.1	5
327	ST-1.2	6
327	ST-1.3	19
327	ST-2.1	7
327	ST-2.2	14
328	xaa	27
328	xab	27
328	xac	36
328	xad	23
328	ST-1.1	5
328	ST-1.2	6
328	ST-1.3	19
328	ST-2.1	7
328	ST-2.2	14
329	xaa	27
329	xab	27
329	xac	36
329	xad	22
329	ST-1.1	5
329	ST-1.2	6
329	ST-1.3	19
329	ST-2.1	7
329	ST-2.2	14
330	xaa	30
330	xab	27
330	xac	34
330	xad	21
330	ST-1.1	5
330	ST-1.2	6
330	ST-1.3	19
330	ST-2.1	7
330	ST-2.2	14
331	xaa	30
331	xab	27
331	xac	34
331	xad	21
331	ST-1.1	5
331	ST-1.2	6
331	ST-1.3	19
331	ST-2.1	7
331	ST-2.2	14
332	xaa	30
332	xab	27
332	xac	34
332	xad	22
332	ST-1.1	5
332	ST-1.2	6
332	ST-1.3	19
332	ST-2.1	7
332	ST-2.2	14
333	xaa	32
333	xab	28
333	xac	34
333	xad	22
333	ST-1.1	5
333	ST-1.2	6
333	ST-1.3	19
333	ST-2.1	7
333	ST-2.2	14
334	xaa	32
334	xab	28
334	xac	34
334	xad	22
334	ST-1.1	5
334	ST-1.2	6
334	ST-1.3	19
334	ST-2.1	7
334	ST-2.2	14
335	xaa	32
335	xab	28
335	xac	34
335	xad	23
335	ST-1.1	5
335	ST-1.2	6
335	ST-1.3	18
335	ST-2.1	7
335	ST-2.2	14
336	xaa	32
336	xab	28
336	xac	33
336	xad	23
336	ST-1.1	5
336	ST-1.2	6
336	ST-1.3	18
336	ST-2.1	7
336	ST-2.2	14
337	xaa	32
337	xab	29
337	xac	33
337	xad	23
337	ST-1.1	5
337	ST-1.2	6
337	ST-1.3	18
337	ST-2.1	7
337	ST-2.2	14
338	xaa	32
338	xab	29
338	xac	33
338	xad	24
338	ST-1.1	5
338	ST-1.2	6
338	ST-1.3	18
338	ST-2.1	7
338	ST-2.2	14
339	xaa	32
339	xab	29
339	xac	33
339	xad	26
339	ST-1.1	5
339	ST-1.2	6
339	ST-1.3	18
339	ST-2.1	7
339	ST-2.2	14
340	xaa	32
340	xab	29
340	xac	33
340	xad	26
340	ST-1.1	5
340	ST-1.2	6
340	ST-1.3	18
340	ST-2.1	7
340	ST-2.2	14
341	xaa	32
341	xab	29
341	xac	33
341	xad	26
341	ST-1.1	5
341	ST-1.2	6
341	ST-1.3	18
341	ST-2.1	7
341	ST-2.2	14
342	xaa	32
342	xab	29
342	xac	35
342	xad	26
342	ST-1.1	5
342	ST-1.2	6
342	ST-1.3	18
342	ST-2.1	7
342	ST-2.2	14
343	xaa	32
343	xab	29
343	xac	35
343	xad	26
343	ST-1.1	5
343	ST-1.2	6
343	ST-1.3	18
343	ST-2.1	7
343	ST-2.2	14
344	xaa	32
344	xab	29
344	xac	36
344	xad	26
344	ST-1.1	5
344	ST-1.2	6
344	ST-1.3	18
344	ST-2.1	7
344	ST-2.2	14
345	xaa	32
345	xab	29
345	xac	35
345	xad	24
345	ST-1.1	5
345	ST-1.2	6
345	ST-1.3	18
345	ST-2.1	7
345	ST-2.2	14
346	xaa	32
346	xab	28
346	xac	35
346	xad	23
346	ST-1.1	5
346	ST-1.2	6
346	ST-1.3	18
346	ST-2.1	7
346	ST-2.2	14
347	xaa	32
347	xab	28
347	xac	35
347	xad	23
347	ST-1.1	5
347	ST-1.2	6
347	ST-1.3	18
347	ST-2.1	7
347	ST-2.2	14
348	xaa	33
348	xab	29
348	xac	33
348	xad	23
348	ST-1.1	5
348	ST-1.2	6
348	ST-1.3	18
348	ST-2.1	7
348	ST-2.2	14
349	xaa	33
349	xab	29
349	xac	33
349	xad	23
349	ST-1.1	5
349	ST-1.2	6
349	ST-1.3	18
349	ST-2.1	7
349	ST-2.2	14
350	xaa	33
350	xab	29
350	xac	33
350	xad	24
350	ST-1.1	5
350	ST-1.2	6
350	ST-1.3	19
350	ST-2.1	7
350	ST-2.2	15
351	xaa	33
351	xab	31
351	xac	31
351	xad	22
351	ST-1.1	5
351	ST-1.2	6
351	ST-1.3	19
351	ST-2.1	7
351	ST-2.2	15
352	xaa	33
352	xab	31
352	xac	32
352	xad	23
352	ST-1.1	5
352	ST-1.2	6
352	ST-1.3	19
352	ST-2.1	7
352	ST-2.2	15
353	xaa	32
353	xab	31
353	xac	32
353	xad	23
353	ST-1.1	5
353	ST-1.2	6
353	ST-1.3	19
353	ST-2.1	7
353	ST-2.2	13
354	xaa	32
354	xab	30
354	xac	32
354	xad	23
354	ST-1.1	5
354	ST-1.2	6
354	ST-1.3	19
354	ST-2.1	7
354	ST-2.2	14
355	xaa	31
355	xab	30
355	xac	31
355	xad	23
355	ST-1.1	5
355	ST-1.2	6
355	ST-1.3	19
355	ST-2.1	7
355	ST-2.2	14
356	xaa	30
356	xab	30
356	xac	32
356	xad	21
356	ST-1.1	5
356	ST-1.2	6
356	ST-1.3	19
356	ST-2.1	7
356	ST-2.2	14
357	xaa	30
357	xab	30
357	xac	32
357	xad	21
357	ST-1.1	5
357	ST-1.2	6
357	ST-1.3	19
357	ST-2.1	7
357	ST-2.2	14
358	xaa	30
358	xab	30
358	xac	32
358	xad	21
358	ST-1.1	5
358	ST-1.2	6
358	ST-1.3	19
358	ST-2.1	7
358	ST-2.2	14
359	xaa	32
359	xab	30
359	xac	31
359	xad	21
359	ST-1.1	5
359	ST-1.2	6
359	ST-1.3	19
359	ST-2.1	7
359	ST-2.2	14
360	xaa	32
360	xab	30
360	xac	31
360	xad	22
360	ST-1.1	4
360	ST-1.2	4
360	ST-1.3	16
360	ST-2.1	7
360	ST-2.2	14
361	xaa	33
361	xab	30
361	xac	31
361	xad	22
361	ST-1.1	4
361	ST-1.2	3
361	ST-1.3	16
361	ST-2.1	7
361	ST-2.2	14
362	xaa	33
362	xab	29
362	xac	31
362	xad	22
362	ST-1.1	3
362	ST-1.2	3
362	ST-1.3	17
362	ST-2.1	8
362	ST-2.2	14
363	xaa	33
363	xab	29
363	xac	31
363	xad	22
363	ST-1.1	3
363	ST-1.2	3
363	ST-1.3	17
363	ST-2.1	8
363	ST-2.2	14
364	xaa	34
364	xab	29
364	xac	31
364	xad	22
364	ST-1.1	3
364	ST-1.2	3
364	ST-1.3	15
364	ST-2.1	8
364	ST-2.2	14
365	xaa	34
365	xab	27
365	xac	31
365	xad	22
365	ST-1.1	3
365	ST-1.2	3
365	ST-1.3	15
365	ST-2.1	8
365	ST-2.2	14
366	xaa	34
366	xab	27
366	xac	30
366	xad	22
366	ST-1.1	3
366	ST-1.2	3
366	ST-1.3	15
366	ST-2.1	8
366	ST-2.2	14
367	xaa	34
367	xab	27
367	xac	30
367	xad	22
367	ST-1.1	3
367	ST-1.2	3
367	ST-1.3	15
367	ST-2.1	8
367	ST-2.2	14
368	xaa	34
368	xab	27
368	xac	29
368	xad	21
368	ST-1.1	3
368	ST-1.2	3
368	ST-1.3	15
368	ST-2.1	8
368	ST-2.2	14
369	xaa	34
369	xab	27
369	xac	29
369	xad	21
369	ST-1.1	3
369	ST-1.2	3
369	ST-1.3	15
369	ST-2.1	8
369	ST-2.2	14
370	xaa	35
370	xab	27
370	xac	29
370	xad	22
370	ST-1.1	3
370	ST-1.2	3
370	ST-1.3	13
370	ST-2.1	7
370	ST-2.2	13
371	xaa	36
371	xab	27
371	xac	31
371	xad	22
371	ST-1.1	3
371	ST-1.2	3
371	ST-1.3	12
371	ST-2.1	7
371	ST-2.2	13
372	xaa	36
372	xab	27
372	xac	31
372	xad	22
372	ST-1.1	3
372	ST-1.2	3
372	ST-1.3	12
372	ST-2.1	7
372	ST-2.2	13
373	xaa	36
373	xab	27
373	xac	31
373	xad	22
373	ST-1.1	3
373	ST-1.2	3
373	ST-1.3	12
373	ST-2.1	7
373	ST-2.2	13
374	xaa	37
374	xab	27
374	xac	31
374	xad	22
374	ST-1.1	3
374	ST-1.2	3
374	ST-1.3	12
374	ST-2.1	7
374	ST-2.2	13
375	xaa	37
375	xab	27
375	xac	32
375	xad	22
375	ST-1.1	3
375	ST-1.2	3
375	ST-1.3	12
375	ST-2.1	7
375	ST-2.2	14
376	xaa	37
376	xab	29
376	xac	31
376	xad	24
376	ST-1.1	3
376	ST-1.2	3
376	ST-1.3	12
376	ST-2.1	7
376	ST-2.2	14
377	xaa	36
377	xab	29
377	xac	31
377	xad	24
377	ST-1.1	3
377	ST-1.2	3
377	ST-1.3	12
377	ST-2.1	7
377	ST-2.2	14
378	xaa	36
378	xab	29
378	xac	31
378	xad	24
378	ST-1.1	3
378	ST-1.2	3
378	ST-1.3	12
378	ST-2.1	6
378	ST-2.2	14
379	xaa	36
379	xab	29
379	xac	31
379	xad	23
379	ST-1.1	3
379	ST-1.2	3
379	ST-1.3	12
379	ST-2.1	6
379	ST-2.2	14
380	xaa	36
380	xab	29
380	xac	31
380	xad	23
380	ST-1.1	3
380	ST-1.2	3
380	ST-1.3	12
380	ST-2.1	5
380	ST-2.2	14
381	xaa	35
381	xab	29
381	xac	31
381	xad	23
381	ST-1.1	3
381	ST-1.2	3
381	ST-1.3	12
381	ST-2.1	6
381	ST-2.2	11
382	xaa	35
382	xab	29
382	xac	31
382	xad	23
382	ST-1.1	3
382	ST-1.2	2
382	ST-1.3	11
382	ST-2.1	6
382	ST-2.2	10
383	xaa	36
383	xab	29
383	xac	31
383	xad	22
383	ST-1.1	3
383	ST-1.2	3
383	ST-1.3	11
383	ST-2.1	6
383	ST-2.2	10
384	xaa	36
384	xab	29
384	xac	31
384	xad	22
384	ST-1.1	3
384	ST-1.2	3
384	ST-1.3	11
384	ST-2.1	6
384	ST-2.2	10
385	xaa	36
385	xab	29
385	xac	30
385	xad	22
385	ST-1.1	3
385	ST-1.2	3
385	ST-1.3	11
385	ST-2.1	6
385	ST-2.2	10
386	xaa	36
386	xab	29
386	xac	30
386	xad	21
386	ST-1.1	4
386	ST-1.2	5
386	ST-1.3	11
386	ST-2.1	8
386	ST-2.2	12
387	xaa	36
387	xab	29
387	xac	30
387	xad	21
387	ST-1.1	4
387	ST-1.2	6
387	ST-1.3	11
387	ST-2.1	10
387	ST-2.2	15
388	xaa	36
388	xab	30
388	xac	30
388	xad	21
388	ST-1.1	4
388	ST-1.2	6
388	ST-1.3	11
388	ST-2.1	10
388	ST-2.2	15
389	xaa	36
389	xab	30
389	xac	30
389	xad	21
389	ST-1.1	4
389	ST-1.2	6
389	ST-1.3	10
389	ST-2.1	10
389	ST-2.2	15
390	xaa	36
390	xab	30
390	xac	30
390	xad	21
390	ST-1.1	3
390	ST-1.2	6
390	ST-1.3	10
390	ST-2.1	10
390	ST-2.2	15
391	xaa	36
391	xab	30
391	xac	30
391	xad	21
391	ST-1.1	3
391	ST-1.2	6
391	ST-1.3	10
391	ST-2.1	10
391	ST-2.2	15
392	xaa	36
392	xab	32
392	xac	30
392	xad	20
392	ST-1.1	3
392	ST-1.2	6
392	ST-1.3	10
392	ST-2.1	10
392	ST-2.2	15
393	xaa	36
393	xab	32
393	xac	30
393	xad	20
393	ST-1.1	3
393	ST-1.2	6
393	ST-1.3	10
393	ST-2.1	10
393	ST-2.2	15
394	xaa	35
394	xab	32
394	xac	30
394	xad	20
394	ST-1.1	3
394	ST-1.2	6
394	ST-1.3	10
394	ST-2.1	11
394	ST-2.2	15
395	xaa	34
395	xab	32
395	xac	30
395	xad	20
395	ST-1.1	3
395	ST-1.2	6
395	ST-1.3	10
395	ST-2.1	11
395	ST-2.2	15
396	xaa	34
396	xab	32
396	xac	30
396	xad	20
396	ST-1.1	4
396	ST-1.2	8
396	ST-1.3	10
396	ST-2.1	11
396	ST-2.2	16
397	xaa	34
397	xab	32
397	xac	30
397	xad	20
397	ST-1.1	4
397	ST-1.2	8
397	ST-1.3	10
397	ST-2.1	11
397	ST-2.2	16
398	xaa	33
398	xab	32
398	xac	30
398	xad	20
398	ST-1.1	4
398	ST-1.2	8
398	ST-1.3	10
398	ST-2.1	12
398	ST-2.2	16
399	xaa	34
399	xab	32
399	xac	30
399	xad	20
399	ST-1.1	4
399	ST-1.2	8
399	ST-1.3	10
399	ST-2.1	12
399	ST-2.2	16
400	xaa	34
400	xab	32
400	xac	30
400	xad	20
400	ST-1.1	4
400	ST-1.2	8
400	ST-1.3	10
400	ST-2.1	12
400	ST-2.2	16
401	xaa	33
401	xab	32
401	xac	30
401	xad	20
401	ST-1.1	4
401	ST-1.2	8
401	ST-1.3	10
401	ST-2.1	12
401	ST-2.2	16
402	xaa	35
402	xab	32
402	xac	30
402	xad	20
402	ST-1.1	4
402	ST-1.2	8
402	ST-1.3	10
402	ST-2.1	12
402	ST-2.2	16
403	xaa	36
403	xab	32
403	xac	30
403	xad	20
403	ST-1.1	4
403	ST-1.2	8
403	ST-1.3	10
403	ST-2.1	12
403	ST-2.2	16
404	xaa	36
404	xab	30
404	xac	29
404	xad	19
404	ST-1.1	4
404	ST-1.2	8
404	ST-1.3	10
404	ST-2.1	12
404	ST-2.2	16
405	xaa	36
405	xab	29
405	xac	29
405	xad	19
405	ST-1.1	4
405	ST-1.2	8
405	ST-1.3	10
405	ST-2.1	14
405	ST-2.2	19
406	xaa	36
406	xab	29
406	xac	29
406	xad	19
406	ST-1.1	4
406	ST-1.2	8
406	ST-1.3	10
406	ST-2.1	14
406	ST-2.2	19
407	xaa	36
407	xab	29
407	xac	26
407	xad	19
407	ST-1.1	4
407	ST-1.2	8
407	ST-1.3	10
407	ST-2.1	14
407	ST-2.2	19
408	xaa	36
408	xab	29
408	xac	26
408	xad	19
408	ST-1.1	4
408	ST-1.2	9
408	ST-1.3	10
408	ST-2.1	15
408	ST-2.2	20
409	xaa	36
409	xab	29
409	xac	26
409	xad	19
409	ST-1.1	4
409	ST-1.2	9
409	ST-1.3	10
409	ST-2.1	15
409	ST-2.2	20
410	xaa	36
410	xab	29
410	xac	26
410	xad	17
410	ST-1.1	4
410	ST-1.2	9
410	ST-1.3	10
410	ST-2.1	15
410	ST-2.2	20
411	xaa	35
411	xab	28
411	xac	26
411	xad	17
411	ST-1.1	4
411	ST-1.2	9
411	ST-1.3	10
411	ST-2.1	15
411	ST-2.2	20
412	xaa	35
412	xab	23
412	xac	26
412	xad	17
412	ST-1.1	4
412	ST-1.2	9
412	ST-1.3	10
412	ST-2.1	15
412	ST-2.2	20
413	xaa	34
413	xab	23
413	xac	26
413	xad	17
413	ST-1.1	4
413	ST-1.2	9
413	ST-1.3	10
413	ST-2.1	15
413	ST-2.2	19
414	xaa	34
414	xab	21
414	xac	27
414	xad	17
414	ST-1.1	4
414	ST-1.2	9
414	ST-1.3	10
414	ST-2.1	15
414	ST-2.2	19
415	xaa	34
415	xab	21
415	xac	27
415	xad	16
415	ST-1.1	4
415	ST-1.2	9
415	ST-1.3	10
415	ST-2.1	15
415	ST-2.2	19
416	xaa	34
416	xab	21
416	xac	27
416	xad	16
416	ST-1.1	4
416	ST-1.2	9
416	ST-1.3	10
416	ST-2.1	15
416	ST-2.2	19
417	xaa	35
417	xab	21
417	xac	27
417	xad	16
417	ST-1.1	4
417	ST-1.2	9
417	ST-1.3	10
417	ST-2.1	15
417	ST-2.2	19
418	xaa	35
418	xab	21
418	xac	28
418	xad	16
418	ST-1.1	4
418	ST-1.2	9
418	ST-1.3	10
418	ST-2.1	15
418	ST-2.2	19
419	xaa	35
419	xab	21
419	xac	27
419	xad	16
419	ST-1.1	4
419	ST-1.2	9
419	ST-1.3	9
419	ST-2.1	15
419	ST-2.2	19
420	xaa	35
420	xab	21
420	xac	27
420	xad	16
420	ST-1.1	4
420	ST-1.2	9
420	ST-1.3	9
420	ST-2.1	15
420	ST-2.2	19
421	xaa	36
421	xab	21
421	xac	27
421	xad	16
421	ST-1.1	4
421	ST-1.2	9
421	ST-1.3	9
421	ST-2.1	15
421	ST-2.2	19
422	xaa	36
422	xab	21
422	xac	29
422	xad	16
422	ST-1.1	4
422	ST-1.2	8
422	ST-1.3	8
422	ST-2.1	14
422	ST-2.2	19
423	xaa	36
423	xab	21
423	xac	29
423	xad	16
423	ST-1.1	4
423	ST-1.2	8
423	ST-1.3	8
423	ST-2.1	13
423	ST-2.2	19
424	xaa	36
424	xab	20
424	xac	29
424	xad	16
424	ST-1.1	3
424	ST-1.2	7
424	ST-1.3	8
424	ST-2.1	13
424	ST-2.2	19
425	xaa	36
425	xab	20
425	xac	29
425	xad	16
425	ST-1.1	3
425	ST-1.2	7
425	ST-1.3	8
425	ST-2.1	13
425	ST-2.2	19
426	xaa	34
426	xab	20
426	xac	28
426	xad	16
426	ST-1.1	3
426	ST-1.2	7
426	ST-1.3	8
426	ST-2.1	13
426	ST-2.2	20
427	xaa	34
427	xab	20
427	xac	28
427	xad	16
427	ST-1.1	3
427	ST-1.2	7
427	ST-1.3	8
427	ST-2.1	13
427	ST-2.2	20
428	xaa	31
428	xab	20
428	xac	28
428	xad	16
428	ST-1.1	3
428	ST-1.2	7
428	ST-1.3	8
428	ST-2.1	13
428	ST-2.2	19
429	xaa	31
429	xab	18
429	xac	29
429	xad	16
429	ST-1.1	3
429	ST-1.2	7
429	ST-1.3	6
429	ST-2.1	13
429	ST-2.2	19
430	xaa	31
430	xab	18
430	xac	28
430	xad	16
430	ST-1.1	3
430	ST-1.2	7
430	ST-1.3	6
430	ST-2.1	13
430	ST-2.2	19
431	xaa	31
431	xab	18
431	xac	28
431	xad	16
431	ST-1.1	3
431	ST-1.2	7
431	ST-1.3	6
431	ST-2.1	13
431	ST-2.2	19
432	xaa	31
432	xab	18
432	xac	29
432	xad	16
432	ST-1.1	3
432	ST-1.2	7
432	ST-1.3	6
432	ST-2.1	13
432	ST-2.2	17
433	xaa	31
433	xab	18
433	xac	28
433	xad	16
433	ST-1.1	3
433	ST-1.2	7
433	ST-1.3	6
433	ST-2.1	13
433	ST-2.2	17
434	xaa	30
434	xab	18
434	xac	26
434	xad	16
434	ST-1.1	3
434	ST-1.2	7
434	ST-1.3	6
434	ST-2.1	14
434	ST-2.2	17
435	xaa	30
435	xab	17
435	xac	26
435	xad	16
435	ST-1.1	3
435	ST-1.2	7
435	ST-1.3	6
435	ST-2.1	14
435	ST-2.2	17
436	xaa	30
436	xab	16
436	xac	26
436	xad	16
436	ST-1.1	3
436	ST-1.2	7
436	ST-1.3	6
436	ST-2.1	14
436	ST-2.2	17
437	xaa	30
437	xab	16
437	xac	26
437	xad	16
437	ST-1.1	3
437	ST-1.2	7
437	ST-1.3	6
437	ST-2.1	14
437	ST-2.2	17
438	xaa	30
438	xab	16
438	xac	27
438	xad	18
438	ST-1.1	3
438	ST-1.2	7
438	ST-1.3	6
438	ST-2.1	14
438	ST-2.2	17
439	xaa	28
439	xab	16
439	xac	27
439	xad	18
439	ST-1.1	3
439	ST-1.2	7
439	ST-1.3	6
439	ST-2.1	14
439	ST-2.2	17
440	xaa	29
440	xab	17
440	xac	27
440	xad	18
440	ST-1.1	3
440	ST-1.2	7
440	ST-1.3	6
440	ST-2.1	14
440	ST-2.2	16
441	xaa	29
441	xab	18
441	xac	28
441	xad	17
441	ST-1.1	3
441	ST-1.2	7
441	ST-1.3	6
441	ST-2.1	14
441	ST-2.2	16
442	xaa	29
442	xab	18
442	xac	29
442	xad	18
442	ST-1.1	3
442	ST-1.2	7
442	ST-1.3	6
442	ST-2.1	14
442	ST-2.2	16
443	xaa	28
443	xab	18
443	xac	29
443	xad	18
443	ST-1.1	3
443	ST-1.2	7
443	ST-1.3	6
443	ST-2.1	14
443	ST-2.2	16
444	xaa	28
444	xab	17
444	xac	28
444	xad	17
444	ST-1.1	3
444	ST-1.2	7
444	ST-1.3	6
444	ST-2.1	15
444	ST-2.2	16
445	xaa	28
445	xab	17
445	xac	28
445	xad	17
445	ST-1.1	3
445	ST-1.2	7
445	ST-1.3	6
445	ST-2.1	15
445	ST-2.2	16
446	xaa	28
446	xab	17
446	xac	28
446	xad	18
446	ST-1.1	3
446	ST-1.2	7
446	ST-1.3	5
446	ST-2.1	15
446	ST-2.2	16
447	xaa	28
447	xab	17
447	xac	28
447	xad	18
447	ST-1.1	3
447	ST-1.2	7
447	ST-1.3	5
447	ST-2.1	15
447	ST-2.2	16
448	xaa	28
448	xab	17
448	xac	28
448	xad	18
448	ST-1.1	3
448	ST-1.2	7
448	ST-1.3	5
448	ST-2.1	15
448	ST-2.2	16
449	xaa	28
449	xab	17
449	xac	28
449	xad	18
449	ST-1.1	3
449	ST-1.2	7
449	ST-1.3	5
449	ST-2.1	15
449	ST-2.2	16
450	xaa	29
450	xab	18
450	xac	29
450	xad	18
450	ST-1.1	3
450	ST-1.2	7
450	ST-1.3	5
450	ST-2.1	15
450	ST-2.2	16
451	xaa	29
451	xab	18
451	xac	29
451	xad	18
451	ST-1.1	3
451	ST-1.2	7
451	ST-1.3	5
451	ST-2.1	15
451	ST-2.2	15
452	xaa	29
452	xab	18
452	xac	29
452	xad	18
452	ST-1.1	3
452	ST-1.2	8
452	ST-1.3	5
452	ST-2.1	15
452	ST-2.2	15
453	xaa	31
453	xab	18
453	xac	28
453	xad	17
453	ST-1.1	3
453	ST-1.2	8
453	ST-1.3	5
453	ST-2.1	15
453	ST-2.2	15
454	xaa	34
454	xab	18
454	xac	29
454	xad	19
454	ST-1.1	3
454	ST-1.2	8
454	ST-1.3	5
454	ST-2.1	15
454	ST-2.2	15
455	xaa	34
455	xab	17
455	xac	29
455	xad	19
455	ST-1.1	3
455	ST-1.2	8
455	ST-1.3	5
455	ST-2.1	15
455	ST-2.2	15
456	xaa	34
456	xab	17
456	xac	29
456	xad	19
456	ST-1.1	3
456	ST-1.2	8
456	ST-1.3	5
456	ST-2.1	15
456	ST-2.2	15
457	xaa	32
457	xab	17
457	xac	29
457	xad	19
457	ST-1.1	3
457	ST-1.2	8
457	ST-1.3	5
457	ST-2.1	15
457	ST-2.2	15
458	xaa	32
458	xab	17
458	xac	29
458	xad	19
458	ST-1.1	3
458	ST-1.2	8
458	ST-1.3	5
458	ST-2.1	15
458	ST-2.2	16
459	xaa	32
459	xab	17
459	xac	27
459	xad	19
459	ST-1.1	3
459	ST-1.2	8
459	ST-1.3	5
459	ST-2.1	15
459	ST-2.2	16
460	xaa	32
460	xab	17
460	xac	27
460	xad	19
460	ST-1.1	3
460	ST-1.2	8
460	ST-1.3	6
460	ST-2.1	15
460	ST-2.2	16
461	xaa	31
461	xab	17
461	xac	27
461	xad	19
461	ST-1.1	3
461	ST-1.2	8
461	ST-1.3	6
461	ST-2.1	15
461	ST-2.2	16
462	xaa	30
462	xab	16
462	xac	27
462	xad	20
462	ST-1.1	3
462	ST-1.2	8
462	ST-1.3	6
462	ST-2.1	15
462	ST-2.2	16
463	xaa	30
463	xab	16
463	xac	27
463	xad	20
463	ST-1.1	3
463	ST-1.2	8
463	ST-1.3	6
463	ST-2.1	15
463	ST-2.2	16
464	xaa	30
464	xab	15
464	xac	26
464	xad	20
464	ST-1.1	2
464	ST-1.2	8
464	ST-1.3	6
464	ST-2.1	15
464	ST-2.2	16
465	xaa	30
465	xab	15
465	xac	26
465	xad	20
465	ST-1.1	2
465	ST-1.2	9
465	ST-1.3	7
465	ST-2.1	15
465	ST-2.2	16
466	xaa	30
466	xab	15
466	xac	26
466	xad	20
466	ST-1.1	2
466	ST-1.2	9
466	ST-1.3	7
466	ST-2.1	15
466	ST-2.2	16
467	xaa	30
467	xab	15
467	xac	24
467	xad	20
467	ST-1.1	2
467	ST-1.2	10
467	ST-1.3	7
467	ST-2.1	15
467	ST-2.2	16
468	xaa	30
468	xab	15
468	xac	24
468	xad	20
468	ST-1.1	2
468	ST-1.2	10
468	ST-1.3	7
468	ST-2.1	15
468	ST-2.2	16
469	xaa	30
469	xab	15
469	xac	24
469	xad	20
469	ST-1.1	2
469	ST-1.2	10
469	ST-1.3	7
469	ST-2.1	15
469	ST-2.2	16
470	xaa	30
470	xab	15
470	xac	24
470	xad	21
470	ST-1.1	2
470	ST-1.2	10
470	ST-1.3	7
470	ST-2.1	15
470	ST-2.2	16
471	xaa	31
471	xab	15
471	xac	24
471	xad	21
471	ST-1.1	2
471	ST-1.2	10
471	ST-1.3	7
471	ST-2.1	15
471	ST-2.2	16
472	xaa	29
472	xab	15
472	xac	26
472	xad	21
472	ST-1.1	2
472	ST-1.2	10
472	ST-1.3	7
472	ST-2.1	15
472	ST-2.2	16
473	xaa	29
473	xab	15
473	xac	26
473	xad	21
473	ST-1.1	2
473	ST-1.2	10
473	ST-1.3	5
473	ST-2.1	13
473	ST-2.2	15
474	xaa	30
474	xab	15
474	xac	26
474	xad	21
474	ST-1.1	2
474	ST-1.2	10
474	ST-1.3	5
474	ST-2.1	13
474	ST-2.2	15
475	xaa	30
475	xab	15
475	xac	26
475	xad	21
475	ST-1.1	3
475	ST-1.2	10
475	ST-1.3	5
475	ST-2.1	13
475	ST-2.2	15
476	xaa	31
476	xab	15
476	xac	27
476	xad	21
476	ST-1.1	3
476	ST-1.2	10
476	ST-1.3	5
476	ST-2.1	13
476	ST-2.2	15
477	xaa	31
477	xab	15
477	xac	27
477	xad	21
477	ST-1.1	3
477	ST-1.2	10
477	ST-1.3	5
477	ST-2.1	13
477	ST-2.2	15
478	xaa	32
478	xab	15
478	xac	27
478	xad	22
478	ST-1.1	3
478	ST-1.2	10
478	ST-1.3	5
478	ST-2.1	13
478	ST-2.2	13
479	xaa	32
479	xab	15
479	xac	27
479	xad	22
479	ST-1.1	3
479	ST-1.2	10
479	ST-1.3	5
479	ST-2.1	13
479	ST-2.2	13
480	xaa	30
480	xab	15
480	xac	27
480	xad	23
480	ST-1.1	3
480	ST-1.2	10
480	ST-1.3	5
480	ST-2.1	13
480	ST-2.2	14
481	xaa	30
481	xab	15
481	xac	27
481	xad	23
481	ST-1.1	3
481	ST-1.2	10
481	ST-1.3	5
481	ST-2.1	13
481	ST-2.2	14
482	xaa	30
482	xab	15
482	xac	27
482	xad	21
482	ST-1.1	3
482	ST-1.2	10
482	ST-1.3	5
482	ST-2.1	12
482	ST-2.2	15
483	xaa	28
483	xab	14
483	xac	27
483	xad	23
483	ST-1.1	3
483	ST-1.2	10
483	ST-1.3	5
483	ST-2.1	12
483	ST-2.2	15
484	xaa	29
484	xab	15
484	xac	27
484	xad	23
484	ST-1.1	3
484	ST-1.2	10
484	ST-1.3	5
484	ST-2.1	12
484	ST-2.2	15
485	xaa	29
485	xab	15
485	xac	27
485	xad	22
485	ST-1.1	3
485	ST-1.2	10
485	ST-1.3	5
485	ST-2.1	12
485	ST-2.2	15
486	xaa	29
486	xab	15
486	xac	27
486	xad	22
486	ST-1.1	3
486	ST-1.2	10
486	ST-1.3	5
486	ST-2.1	12
486	ST-2.2	15
487	xaa	29
487	xab	14
487	xac	27
487	xad	22
487	ST-1.1	3
487	ST-1.2	10
487	ST-1.3	5
487	ST-2.1	12
487	ST-2.2	15
488	xaa	29
488	xab	14
488	xac	27
488	xad	22
488	ST-1.1	3
488	ST-1.2	10
488	ST-1.3	5
488	ST-2.1	12
488	ST-2.2	15
489	xaa	29
489	xab	14
489	xac	27
489	xad	21
489	ST-1.1	3
489	ST-1.2	10
489	ST-1.3	5
489	ST-2.1	12
489	ST-2.2	15
490	xaa	29
490	xab	14
490	xac	27
490	xad	21
490	ST-1.1	3
490	ST-1.2	10
490	ST-1.3	5
490	ST-2.1	11
490	ST-2.2	15
491	xaa	29
491	xab	14
491	xac	27
491	xad	20
491	ST-1.1	3
491	ST-1.2	10
491	ST-1.3	5
491	ST-2.1	11
491	ST-2.2	15
492	xaa	29
492	xab	15
492	xac	27
492	xad	20
492	ST-1.1	3
492	ST-1.2	10
492	ST-1.3	5
492	ST-2.1	11
492	ST-2.2	15
493	xaa	29
493	xab	15
493	xac	27
493	xad	20
493	ST-1.1	3
493	ST-1.2	10
493	ST-1.3	5
493	ST-2.1	11
493	ST-2.2	15
494	xaa	29
494	xab	15
494	xac	26
494	xad	20
494	ST-1.1	3
494	ST-1.2	10
494	ST-1.3	5
494	ST-2.1	11
494	ST-2.2	15
495	xaa	29
495	xab	15
495	xac	26
495	xad	20
495	ST-1.1	3
495	ST-1.2	10
495	ST-1.3	5
495	ST-2.1	11
495	ST-2.2	15
496	xaa	29
496	xab	15
496	xac	27
496	xad	20
496	ST-1.1	3
496	ST-1.2	10
496	ST-1.3	4
496	ST-2.1	11
496	ST-2.2	15
497	xaa	29
497	xab	15
497	xac	27
497	xad	20
497	ST-1.1	3
497	ST-1.2	10
497	ST-1.3	4
497	ST-2.1	11
497	ST-2.2	15
498	xaa	28
498	xab	14
498	xac	27
498	xad	20
498	ST-1.1	3
498	ST-1.2	10
498	ST-1.3	4
498	ST-2.1	11
498	ST-2.2	16
499	xaa	28
499	xab	14
499	xac	27
499	xad	20
499	ST-1.1	3
499	ST-1.2	10
499	ST-1.3	4
499	ST-2.1	11
499	ST-2.2	16
500	xaa	28
500	xab	15
500	xac	27
500	xad	20
500	ST-1.1	3
500	ST-1.2	10
500	ST-1.3	4
500	ST-2.1	11
500	ST-2.2	15
501	xaa	28
501	xab	13
501	xac	27
501	xad	20
501	ST-1.1	3
501	ST-1.2	10
501	ST-1.3	4
501	ST-2.1	11
501	ST-2.2	15
502	xaa	28
502	xab	13
502	xac	26
502	xad	19
502	ST-1.1	3
502	ST-1.2	10
502	ST-1.3	4
502	ST-2.1	11
502	ST-2.2	15
503	xaa	28
503	xab	14
503	xac	26
503	xad	19
503	ST-1.1	3
503	ST-1.2	10
503	ST-1.3	4
503	ST-2.1	11
503	ST-2.2	14
504	xaa	28
504	xab	14
504	xac	26
504	xad	19
504	ST-1.1	3
504	ST-1.2	11
504	ST-1.3	4
504	ST-2.1	11
504	ST-2.2	14
505	xaa	29
505	xab	14
505	xac	25
505	xad	19
505	ST-1.1	3
505	ST-1.2	11
505	ST-1.3	4
505	ST-2.1	11
505	ST-2.2	14
506	xaa	29
506	xab	14
506	xac	24
506	xad	19
506	ST-1.1	3
506	ST-1.2	11
506	ST-1.3	4
506	ST-2.1	11
506	ST-2.2	14
507	xaa	29
507	xab	14
507	xac	24
507	xad	19
507	ST-1.1	3
507	ST-1.2	11
507	ST-1.3	4
507	ST-2.1	11
507	ST-2.2	14
508	xaa	29
508	xab	14
508	xac	24
508	xad	19
508	ST-1.1	3
508	ST-1.2	11
508	ST-1.3	3
508	ST-2.1	11
508	ST-2.2	14
509	xaa	27
509	xab	14
509	xac	25
509	xad	19
509	ST-1.1	3
509	ST-1.2	11
509	ST-1.3	4
509	ST-2.1	11
509	ST-2.2	15
510	xaa	27
510	xab	14
510	xac	25
510	xad	18
510	ST-1.1	3
510	ST-1.2	11
510	ST-1.3	4
510	ST-2.1	11
510	ST-2.2	15
511	xaa	26
511	xab	15
511	xac	25
511	xad	18
511	ST-1.1	3
511	ST-1.2	11
511	ST-1.3	4
511	ST-2.1	11
511	ST-2.2	15
512	xaa	26
512	xab	15
512	xac	25
512	xad	19
512	ST-1.1	3
512	ST-1.2	11
512	ST-1.3	4
512	ST-2.1	11
512	ST-2.2	15
513	xaa	26
513	xab	15
513	xac	25
513	xad	19
513	ST-1.1	3
513	ST-1.2	11
513	ST-1.3	4
513	ST-2.1	11
513	ST-2.2	15
514	xaa	28
514	xab	15
514	xac	25
514	xad	19
514	ST-1.1	3
514	ST-1.2	11
514	ST-1.3	4
514	ST-2.1	10
514	ST-2.2	14
515	xaa	28
515	xab	15
515	xac	25
515	xad	19
515	ST-1.1	3
515	ST-1.2	11
515	ST-1.3	4
515	ST-2.1	10
515	ST-2.2	14
516	xaa	28
516	xab	15
516	xac	26
516	xad	19
516	ST-1.1	3
516	ST-1.2	11
516	ST-1.3	4
516	ST-2.1	10
516	ST-2.2	14
517	xaa	28
517	xab	15
517	xac	26
517	xad	19
517	ST-1.1	3
517	ST-1.2	11
517	ST-1.3	4
517	ST-2.1	10
517	ST-2.2	14
518	xaa	27
518	xab	15
518	xac	26
518	xad	21
518	ST-1.1	3
518	ST-1.2	11
518	ST-1.3	5
518	ST-2.1	10
518	ST-2.2	14
519	xaa	27
519	xab	15
519	xac	26
519	xad	21
519	ST-1.1	3
519	ST-1.2	11
519	ST-1.3	5
519	ST-2.1	10
519	ST-2.2	16
520	xaa	26
520	xab	17
520	xac	26
520	xad	20
520	ST-1.1	3
520	ST-1.2	12
520	ST-1.3	6
520	ST-2.1	10
520	ST-2.2	16
521	xaa	25
521	xab	17
521	xac	24
521	xad	20
521	ST-1.1	3
521	ST-1.2	12
521	ST-1.3	6
521	ST-2.1	10
521	ST-2.2	16
522	xaa	25
522	xab	17
522	xac	24
522	xad	20
522	ST-1.1	3
522	ST-1.2	12
522	ST-1.3	6
522	ST-2.1	9
522	ST-2.2	16
523	xaa	25
523	xab	17
523	xac	24
523	xad	20
523	ST-1.1	3
523	ST-1.2	12
523	ST-1.3	6
523	ST-2.1	9
523	ST-2.2	16
524	xaa	24
524	xab	17
524	xac	24
524	xad	20
524	ST-1.1	3
524	ST-1.2	12
524	ST-1.3	6
524	ST-2.1	9
524	ST-2.2	16
525	xaa	24
525	xab	17
525	xac	23
525	xad	20
525	ST-1.1	3
525	ST-1.2	12
525	ST-1.3	6
525	ST-2.1	9
525	ST-2.2	16
526	xaa	25
526	xab	15
526	xac	23
526	xad	18
526	ST-1.1	3
526	ST-1.2	12
526	ST-1.3	6
526	ST-2.1	8
526	ST-2.2	16
527	xaa	25
527	xab	15
527	xac	23
527	xad	18
527	ST-1.1	3
527	ST-1.2	12
527	ST-1.3	6
527	ST-2.1	7
527	ST-2.2	16
528	xaa	26
528	xab	16
528	xac	23
528	xad	18
528	ST-1.1	3
528	ST-1.2	12
528	ST-1.3	6
528	ST-2.1	7
528	ST-2.2	16
529	xaa	27
529	xab	16
529	xac	23
529	xad	18
529	ST-1.1	3
529	ST-1.2	11
529	ST-1.3	6
529	ST-2.1	7
529	ST-2.2	16
530	xaa	27
530	xab	16
530	xac	23
530	xad	18
530	ST-1.1	3
530	ST-1.2	11
530	ST-1.3	6
530	ST-2.1	7
530	ST-2.2	16
531	xaa	29
531	xab	17
531	xac	23
531	xad	18
531	ST-1.1	3
531	ST-1.2	11
531	ST-1.3	6
531	ST-2.1	7
531	ST-2.2	16
532	xaa	29
532	xab	17
532	xac	23
532	xad	18
532	ST-1.1	2
532	ST-1.2	9
532	ST-1.3	6
532	ST-2.1	7
532	ST-2.2	16
533	xaa	28
533	xab	17
533	xac	23
533	xad	18
533	ST-1.1	2
533	ST-1.2	8
533	ST-1.3	6
533	ST-2.1	5
533	ST-2.2	13
534	xaa	28
534	xab	17
534	xac	23
534	xad	18
534	ST-1.1	2
534	ST-1.2	8
534	ST-1.3	6
534	ST-2.1	5
534	ST-2.2	13
535	xaa	28
535	xab	18
535	xac	23
535	xad	18
535	ST-1.1	2
535	ST-1.2	8
535	ST-1.3	6
535	ST-2.1	5
535	ST-2.2	13
536	xaa	28
536	xab	18
536	xac	23
536	xad	18
536	ST-1.1	2
536	ST-1.2	8
536	ST-1.3	6
536	ST-2.1	5
536	ST-2.2	12
537	xaa	30
537	xab	18
537	xac	23
537	xad	18
537	ST-1.1	2
537	ST-1.2	9
537	ST-1.3	7
537	ST-2.1	5
537	ST-2.2	13
538	xaa	30
538	xab	17
538	xac	23
538	xad	18
538	ST-1.1	2
538	ST-1.2	9
538	ST-1.3	8
538	ST-2.1	6
538	ST-2.2	13
539	xaa	30
539	xab	17
539	xac	23
539	xad	18
539	ST-1.1	2
539	ST-1.2	12
539	ST-1.3	9
539	ST-2.1	6
539	ST-2.2	13
540	xaa	30
540	xab	17
540	xac	23
540	xad	18
540	ST-1.1	2
540	ST-1.2	13
540	ST-1.3	9
540	ST-2.1	6
540	ST-2.2	13
541	xaa	30
541	xab	17
541	xac	23
541	xad	18
541	ST-1.1	2
541	ST-1.2	13
541	ST-1.3	10
541	ST-2.1	7
541	ST-2.2	14
542	xaa	30
542	xab	15
542	xac	23
542	xad	18
542	ST-1.1	1
542	ST-1.2	11
542	ST-1.3	10
542	ST-2.1	7
542	ST-2.2	14
543	xaa	30
543	xab	15
543	xac	23
543	xad	19
543	ST-1.1	1
543	ST-1.2	11
543	ST-1.3	10
543	ST-2.1	7
543	ST-2.2	14
544	xaa	30
544	xab	15
544	xac	24
544	xad	19
544	ST-1.1	1
544	ST-1.2	11
544	ST-1.3	10
544	ST-2.1	7
544	ST-2.2	14
545	xaa	32
545	xab	15
545	xac	25
545	xad	19
545	ST-1.1	1
545	ST-1.2	11
545	ST-1.3	10
545	ST-2.1	7
545	ST-2.2	14
546	xaa	32
546	xab	15
546	xac	25
546	xad	19
546	ST-1.1	1
546	ST-1.2	11
546	ST-1.3	11
546	ST-2.1	7
546	ST-2.2	14
547	xaa	32
547	xab	15
547	xac	25
547	xad	19
547	ST-1.1	1
547	ST-1.2	11
547	ST-1.3	11
547	ST-2.1	7
547	ST-2.2	14
548	xaa	32
548	xab	15
548	xac	25
548	xad	19
548	ST-1.1	1
548	ST-1.2	11
548	ST-1.3	11
548	ST-2.1	8
548	ST-2.2	14
549	xaa	31
549	xab	15
549	xac	25
549	xad	19
549	ST-1.1	1
549	ST-1.2	11
549	ST-1.3	11
549	ST-2.1	8
549	ST-2.2	14
550	xaa	33
550	xab	15
550	xac	25
550	xad	19
550	ST-1.1	1
550	ST-1.2	11
550	ST-1.3	11
550	ST-2.1	8
550	ST-2.2	14
551	xaa	33
551	xab	15
551	xac	25
551	xad	19
551	ST-1.1	1
551	ST-1.2	11
551	ST-1.3	11
551	ST-2.1	6
551	ST-2.2	11
552	xaa	31
552	xab	15
552	xac	25
552	xad	19
552	ST-1.1	1
552	ST-1.2	11
552	ST-1.3	11
552	ST-2.1	6
552	ST-2.2	11
553	xaa	30
553	xab	15
553	xac	25
553	xad	19
553	ST-1.1	1
553	ST-1.2	11
553	ST-1.3	11
553	ST-2.1	6
553	ST-2.2	12
554	xaa	30
554	xab	15
554	xac	25
554	xad	19
554	ST-1.1	1
554	ST-1.2	10
554	ST-1.3	11
554	ST-2.1	5
554	ST-2.2	12
555	xaa	30
555	xab	15
555	xac	25
555	xad	19
555	ST-1.1	1
555	ST-1.2	10
555	ST-1.3	11
555	ST-2.1	5
555	ST-2.2	12
556	xaa	30
556	xab	15
556	xac	25
556	xad	19
556	ST-1.1	1
556	ST-1.2	10
556	ST-1.3	11
556	ST-2.1	5
556	ST-2.2	12
557	xaa	30
557	xab	15
557	xac	25
557	xad	21
557	ST-1.1	1
557	ST-1.2	10
557	ST-1.3	11
557	ST-2.1	5
557	ST-2.2	12
558	xaa	31
558	xab	15
558	xac	25
558	xad	21
558	ST-1.1	1
558	ST-1.2	10
558	ST-1.3	11
558	ST-2.1	5
558	ST-2.2	12
559	xaa	31
559	xab	15
559	xac	25
559	xad	21
559	ST-1.1	1
559	ST-1.2	10
559	ST-1.3	11
559	ST-2.1	5
559	ST-2.2	12
560	xaa	31
560	xab	15
560	xac	25
560	xad	21
560	ST-1.1	1
560	ST-1.2	10
560	ST-1.3	11
560	ST-2.1	5
560	ST-2.2	12
561	xaa	31
561	xab	16
561	xac	25
561	xad	21
561	ST-1.1	1
561	ST-1.2	10
561	ST-1.3	11
561	ST-2.1	5
561	ST-2.2	12
562	xaa	31
562	xab	16
562	xac	25
562	xad	21
562	ST-1.1	1
562	ST-1.2	10
562	ST-1.3	11
562	ST-2.1	5
562	ST-2.2	12
563	xaa	31
563	xab	16
563	xac	25
563	xad	21
563	ST-1.1	1
563	ST-1.2	10
563	ST-1.3	11
563	ST-2.1	5
563	ST-2.2	12
564	xaa	31
564	xab	16
564	xac	22
564	xad	21
564	ST-1.1	1
564	ST-1.2	10
564	ST-1.3	11
564	ST-2.1	5
564	ST-2.2	12
565	xaa	32
565	xab	16
565	xac	22
565	xad	21
565	ST-1.1	1
565	ST-1.2	10
565	ST-1.3	11
565	ST-2.1	5
565	ST-2.2	12
566	xaa	32
566	xab	16
566	xac	22
566	xad	21
566	ST-1.1	1
566	ST-1.2	10
566	ST-1.3	11
566	ST-2.1	5
566	ST-2.2	12
567	xaa	30
567	xab	16
567	xac	22
567	xad	21
567	ST-1.1	1
567	ST-1.2	10
567	ST-1.3	11
567	ST-2.1	5
567	ST-2.2	12
568	xaa	30
568	xab	16
568	xac	21
568	xad	21
568	ST-1.1	1
568	ST-1.2	10
568	ST-1.3	11
568	ST-2.1	5
568	ST-2.2	12
569	xaa	30
569	xab	16
569	xac	21
569	xad	21
569	ST-1.1	1
569	ST-1.2	10
569	ST-1.3	11
569	ST-2.1	5
569	ST-2.2	12
570	xaa	30
570	xab	16
570	xac	21
570	xad	21
570	ST-1.1	1
570	ST-1.2	10
570	ST-1.3	11
570	ST-2.1	5
570	ST-2.2	12
571	xaa	30
571	xab	18
571	xac	21
571	xad	21
571	ST-1.1	1
571	ST-1.2	10
571	ST-1.3	11
571	ST-2.1	5
571	ST-2.2	12
572	xaa	30
572	xab	18
572	xac	19
572	xad	21
572	ST-1.1	1
572	ST-1.2	10
572	ST-1.3	11
572	ST-2.1	3
572	ST-2.2	10
573	xaa	30
573	xab	18
573	xac	19
573	xad	21
573	ST-1.1	1
573	ST-1.2	10
573	ST-1.3	11
573	ST-2.1	3
573	ST-2.2	10
574	xaa	30
574	xab	19
574	xac	19
574	xad	21
574	ST-1.1	1
574	ST-1.2	10
574	ST-1.3	11
574	ST-2.1	3
574	ST-2.2	10
575	xaa	30
575	xab	19
575	xac	19
575	xad	21
575	ST-1.1	1
575	ST-1.2	10
575	ST-1.3	11
575	ST-2.1	3
575	ST-2.2	10
576	xaa	30
576	xab	19
576	xac	19
576	xad	21
576	ST-1.1	1
576	ST-1.2	10
576	ST-1.3	11
576	ST-2.1	3
576	ST-2.2	10
577	xaa	30
577	xab	21
577	xac	20
577	xad	21
577	ST-1.1	1
577	ST-1.2	10
577	ST-1.3	11
577	ST-2.1	3
577	ST-2.2	10
578	xaa	30
578	xab	22
578	xac	20
578	xad	21
578	ST-1.1	1
578	ST-1.2	10
578	ST-1.3	11
578	ST-2.1	3
578	ST-2.2	10
579	xaa	30
579	xab	22
579	xac	18
579	xad	21
579	ST-1.1	1
579	ST-1.2	10
579	ST-1.3	11
579	ST-2.1	3
579	ST-2.2	10
580	xaa	30
580	xab	23
580	xac	18
580	xad	21
580	ST-1.1	1
580	ST-1.2	10
580	ST-1.3	11
580	ST-2.1	3
580	ST-2.2	10
581	xaa	30
581	xab	23
581	xac	18
581	xad	21
581	ST-1.1	1
581	ST-1.2	10
581	ST-1.3	12
581	ST-2.1	3
581	ST-2.2	10
582	xaa	30
582	xab	23
582	xac	16
582	xad	21
582	ST-1.1	1
582	ST-1.2	10
582	ST-1.3	12
582	ST-2.1	3
582	ST-2.2	10
583	xaa	30
583	xab	23
583	xac	16
583	xad	21
583	ST-1.1	1
583	ST-1.2	10
583	ST-1.3	13
583	ST-2.1	3
583	ST-2.2	11
584	xaa	30
584	xab	23
584	xac	16
584	xad	21
584	ST-1.1	1
584	ST-1.2	10
584	ST-1.3	13
584	ST-2.1	3
584	ST-2.2	11
585	xaa	30
585	xab	23
585	xac	16
585	xad	21
585	ST-1.1	1
585	ST-1.2	10
585	ST-1.3	13
585	ST-2.1	3
585	ST-2.2	11
586	xaa	30
586	xab	23
586	xac	16
586	xad	21
586	ST-1.1	2
586	ST-1.2	11
586	ST-1.3	13
586	ST-2.1	3
586	ST-2.2	11
587	xaa	30
587	xab	23
587	xac	16
587	xad	21
587	ST-1.1	2
587	ST-1.2	11
587	ST-1.3	13
587	ST-2.1	3
587	ST-2.2	11
588	xaa	30
588	xab	23
588	xac	16
588	xad	20
588	ST-1.1	2
588	ST-1.2	11
588	ST-1.3	14
588	ST-2.1	3
588	ST-2.2	11
589	xaa	31
589	xab	23
589	xac	16
589	xad	20
589	ST-1.1	2
589	ST-1.2	11
589	ST-1.3	14
589	ST-2.1	3
589	ST-2.2	11
590	xaa	30
590	xab	22
590	xac	16
590	xad	20
590	ST-1.1	2
590	ST-1.2	13
590	ST-1.3	14
590	ST-2.1	3
590	ST-2.2	11
591	xaa	30
591	xab	21
591	xac	15
591	xad	20
591	ST-1.1	2
591	ST-1.2	13
591	ST-1.3	14
591	ST-2.1	3
591	ST-2.2	11
592	xaa	30
592	xab	21
592	xac	14
592	xad	19
592	ST-1.1	2
592	ST-1.2	13
592	ST-1.3	14
592	ST-2.1	3
592	ST-2.2	11
593	xaa	30
593	xab	21
593	xac	14
593	xad	19
593	ST-1.1	2
593	ST-1.2	13
593	ST-1.3	14
593	ST-2.1	3
593	ST-2.2	11
594	xaa	30
594	xab	21
594	xac	15
594	xad	19
594	ST-1.1	2
594	ST-1.2	13
594	ST-1.3	14
594	ST-2.1	3
594	ST-2.2	11
595	xaa	30
595	xab	21
595	xac	15
595	xad	19
595	ST-1.1	2
595	ST-1.2	13
595	ST-1.3	14
595	ST-2.1	3
595	ST-2.2	11
596	xaa	30
596	xab	21
596	xac	15
596	xad	18
596	ST-1.1	2
596	ST-1.2	13
596	ST-1.3	14
596	ST-2.1	3
596	ST-2.2	11
597	xaa	30
597	xab	21
597	xac	15
597	xad	18
597	ST-1.1	2
597	ST-1.2	13
597	ST-1.3	14
597	ST-2.1	3
597	ST-2.2	11
598	xaa	30
598	xab	21
598	xac	15
598	xad	18
598	ST-1.1	2
598	ST-1.2	12
598	ST-1.3	14
598	ST-2.1	3
598	ST-2.2	11
599	xaa	30
599	xab	21
599	xac	15
599	xad	18
599	ST-1.1	2
599	ST-1.2	12
599	ST-1.3	14
599	ST-2.1	3
599	ST-2.2	11
600	xaa	29
600	xab	20
600	xac	14
600	xad	18
600	ST-1.1	2
600	ST-1.2	12
600	ST-1.3	14
600	ST-2.1	3
600	ST-2.2	11
601	xaa	29
601	xab	20
601	xac	14
601	xad	18
601	ST-1.1	2
601	ST-1.2	14
601	ST-1.3	14
601	ST-2.1	3
601	ST-2.2	11
602	xaa	29
602	xab	20
602	xac	14
602	xad	18
602	ST-1.1	3
602	ST-1.2	16
602	ST-1.3	14
602	ST-2.1	3
602	ST-2.2	11
603	xaa	27
603	xab	20
603	xac	16
603	xad	18
603	ST-1.1	3
603	ST-1.2	16
603	ST-1.3	14
603	ST-2.1	3
603	ST-2.2	11
604	xaa	24
604	xab	20
604	xac	15
604	xad	16
604	ST-1.1	3
604	ST-1.2	16
604	ST-1.3	14
604	ST-2.1	3
604	ST-2.2	10
605	xaa	24
605	xab	20
605	xac	15
605	xad	16
605	ST-1.1	3
605	ST-1.2	16
605	ST-1.3	14
605	ST-2.1	3
605	ST-2.2	10
606	xaa	24
606	xab	20
606	xac	15
606	xad	17
606	ST-1.1	3
606	ST-1.2	16
606	ST-1.3	13
606	ST-2.1	3
606	ST-2.2	10
607	xaa	24
607	xab	20
607	xac	15
607	xad	17
607	ST-1.1	4
607	ST-1.2	17
607	ST-1.3	12
607	ST-2.1	3
607	ST-2.2	10
608	xaa	24
608	xab	20
608	xac	15
608	xad	17
608	ST-1.1	4
608	ST-1.2	17
608	ST-1.3	12
608	ST-2.1	3
608	ST-2.2	10
609	xaa	24
609	xab	20
609	xac	15
609	xad	17
609	ST-1.1	4
609	ST-1.2	17
609	ST-1.3	12
609	ST-2.1	3
609	ST-2.2	10
610	xaa	24
610	xab	20
610	xac	15
610	xad	17
610	ST-1.1	4
610	ST-1.2	17
610	ST-1.3	12
610	ST-2.1	4
610	ST-2.2	9
611	xaa	24
611	xab	20
611	xac	16
611	xad	17
611	ST-1.1	4
611	ST-1.2	16
611	ST-1.3	11
611	ST-2.1	5
611	ST-2.2	9
612	xaa	24
612	xab	20
612	xac	19
612	xad	16
612	ST-1.1	4
612	ST-1.2	16
612	ST-1.3	11
612	ST-2.1	5
612	ST-2.2	9
613	xaa	24
613	xab	20
613	xac	19
613	xad	16
613	ST-1.1	4
613	ST-1.2	17
613	ST-1.3	13
613	ST-2.1	5
613	ST-2.2	9
614	xaa	24
614	xab	20
614	xac	19
614	xad	17
614	ST-1.1	4
614	ST-1.2	17
614	ST-1.3	13
614	ST-2.1	5
614	ST-2.2	9
615	xaa	24
615	xab	20
615	xac	19
615	xad	17
615	ST-1.1	4
615	ST-1.2	17
615	ST-1.3	13
615	ST-2.1	5
615	ST-2.2	9
616	xaa	24
616	xab	20
616	xac	19
616	xad	17
616	ST-1.1	4
616	ST-1.2	17
616	ST-1.3	13
616	ST-2.1	5
616	ST-2.2	9
617	xaa	24
617	xab	19
617	xac	19
617	xad	17
617	ST-1.1	4
617	ST-1.2	17
617	ST-1.3	13
617	ST-2.1	5
617	ST-2.2	9
618	xaa	25
618	xab	19
618	xac	19
618	xad	17
618	ST-1.1	4
618	ST-1.2	17
618	ST-1.3	13
618	ST-2.1	5
618	ST-2.2	8
619	xaa	25
619	xab	19
619	xac	19
619	xad	17
619	ST-1.1	4
619	ST-1.2	17
619	ST-1.3	12
619	ST-2.1	5
619	ST-2.2	8
620	xaa	25
620	xab	19
620	xac	19
620	xad	17
620	ST-1.1	4
620	ST-1.2	17
620	ST-1.3	13
620	ST-2.1	5
620	ST-2.2	8
621	xaa	24
621	xab	19
621	xac	19
621	xad	17
621	ST-1.1	3
621	ST-1.2	17
621	ST-1.3	13
621	ST-2.1	5
621	ST-2.2	8
622	xaa	24
622	xab	19
622	xac	17
622	xad	17
622	ST-1.1	3
622	ST-1.2	17
622	ST-1.3	13
622	ST-2.1	5
622	ST-2.2	8
623	xaa	24
623	xab	19
623	xac	17
623	xad	17
623	ST-1.1	3
623	ST-1.2	17
623	ST-1.3	13
623	ST-2.1	5
623	ST-2.2	8
624	xaa	24
624	xab	19
624	xac	17
624	xad	17
624	ST-1.1	3
624	ST-1.2	17
624	ST-1.3	13
624	ST-2.1	5
624	ST-2.2	8
625	xaa	24
625	xab	19
625	xac	17
625	xad	17
625	ST-1.1	3
625	ST-1.2	17
625	ST-1.3	13
625	ST-2.1	5
625	ST-2.2	8
626	xaa	23
626	xab	19
626	xac	16
626	xad	18
626	ST-1.1	3
626	ST-1.2	17
626	ST-1.3	13
626	ST-2.1	5
626	ST-2.2	8
627	xaa	23
627	xab	19
627	xac	16
627	xad	18
627	ST-1.1	3
627	ST-1.2	17
627	ST-1.3	13
627	ST-2.1	5
627	ST-2.2	8
628	xaa	22
628	xab	19
628	xac	18
628	xad	17
628	ST-1.1	3
628	ST-1.2	17
628	ST-1.3	13
628	ST-2.1	5
628	ST-2.2	8
629	xaa	24
629	xab	19
629	xac	18
629	xad	17
629	ST-1.1	3
629	ST-1.2	17
629	ST-1.3	13
629	ST-2.1	5
629	ST-2.2	8
630	xaa	23
630	xab	19
630	xac	18
630	xad	16
630	ST-1.1	3
630	ST-1.2	17
630	ST-1.3	13
630	ST-2.1	5
630	ST-2.2	8
631	xaa	23
631	xab	19
631	xac	18
631	xad	16
631	ST-1.1	3
631	ST-1.2	17
631	ST-1.3	13
631	ST-2.1	5
631	ST-2.2	8
632	xaa	23
632	xab	19
632	xac	18
632	xad	16
632	ST-1.1	3
632	ST-1.2	17
632	ST-1.3	13
632	ST-2.1	5
632	ST-2.2	8
633	xaa	23
633	xab	19
633	xac	18
633	xad	14
633	ST-1.1	3
633	ST-1.2	17
633	ST-1.3	13
633	ST-2.1	5
633	ST-2.2	8
634	xaa	22
634	xab	18
634	xac	18
634	xad	14
634	ST-1.1	3
634	ST-1.2	17
634	ST-1.3	13
634	ST-2.1	5
634	ST-2.2	8
635	xaa	22
635	xab	18
635	xac	18
635	xad	14
635	ST-1.1	3
635	ST-1.2	17
635	ST-1.3	13
635	ST-2.1	5
635	ST-2.2	8
636	xaa	22
636	xab	18
636	xac	18
636	xad	14
636	ST-1.1	3
636	ST-1.2	18
636	ST-1.3	13
636	ST-2.1	6
636	ST-2.2	8
637	xaa	22
637	xab	18
637	xac	18
637	xad	14
637	ST-1.1	3
637	ST-1.2	18
637	ST-1.3	13
637	ST-2.1	6
637	ST-2.2	8
638	xaa	23
638	xab	19
638	xac	18
638	xad	13
638	ST-1.1	3
638	ST-1.2	18
638	ST-1.3	13
638	ST-2.1	6
638	ST-2.2	8
639	xaa	23
639	xab	20
639	xac	18
639	xad	12
639	ST-1.1	3
639	ST-1.2	18
639	ST-1.3	13
639	ST-2.1	6
639	ST-2.2	8
640	xaa	23
640	xab	20
640	xac	18
640	xad	12
640	ST-1.1	3
640	ST-1.2	18
640	ST-1.3	13
640	ST-2.1	6
640	ST-2.2	8
641	xaa	24
641	xab	20
641	xac	18
641	xad	12
641	ST-1.1	3
641	ST-1.2	18
641	ST-1.3	13
641	ST-2.1	6
641	ST-2.2	9
642	xaa	24
642	xab	19
642	xac	16
642	xad	12
642	ST-1.1	3
642	ST-1.2	18
642	ST-1.3	13
642	ST-2.1	6
642	ST-2.2	9
643	xaa	24
643	xab	19
643	xac	16
643	xad	12
643	ST-1.1	3
643	ST-1.2	18
643	ST-1.3	13
643	ST-2.1	6
643	ST-2.2	10
644	xaa	24
644	xab	19
644	xac	16
644	xad	12
644	ST-1.1	3
644	ST-1.2	18
644	ST-1.3	13
644	ST-2.1	6
644	ST-2.2	10
645	xaa	24
645	xab	19
645	xac	16
645	xad	12
645	ST-1.1	3
645	ST-1.2	18
645	ST-1.3	13
645	ST-2.1	6
645	ST-2.2	10
646	xaa	24
646	xab	19
646	xac	15
646	xad	12
646	ST-1.1	3
646	ST-1.2	18
646	ST-1.3	13
646	ST-2.1	6
646	ST-2.2	10
647	xaa	25
647	xab	19
647	xac	15
647	xad	12
647	ST-1.1	3
647	ST-1.2	18
647	ST-1.3	13
647	ST-2.1	6
647	ST-2.2	9
648	xaa	25
648	xab	20
648	xac	16
648	xad	12
648	ST-1.1	3
648	ST-1.2	19
648	ST-1.3	14
648	ST-2.1	6
648	ST-2.2	9
649	xaa	25
649	xab	20
649	xac	16
649	xad	12
649	ST-1.1	3
649	ST-1.2	19
649	ST-1.3	14
649	ST-2.1	6
649	ST-2.2	9
650	xaa	25
650	xab	19
650	xac	16
650	xad	12
650	ST-1.1	3
650	ST-1.2	18
650	ST-1.3	14
650	ST-2.1	6
650	ST-2.2	9
651	xaa	25
651	xab	19
651	xac	16
651	xad	12
651	ST-1.1	3
651	ST-1.2	18
651	ST-1.3	14
651	ST-2.1	6
651	ST-2.2	9
652	xaa	25
652	xab	19
652	xac	16
652	xad	13
652	ST-1.1	3
652	ST-1.2	18
652	ST-1.3	14
652	ST-2.1	6
652	ST-2.2	9
653	xaa	25
653	xab	18
653	xac	16
653	xad	13
653	ST-1.1	3
653	ST-1.2	18
653	ST-1.3	14
653	ST-2.1	6
653	ST-2.2	9
654	xaa	25
654	xab	19
654	xac	16
654	xad	13
654	ST-1.1	3
654	ST-1.2	18
654	ST-1.3	14
654	ST-2.1	6
654	ST-2.2	10
655	xaa	25
655	xab	19
655	xac	17
655	xad	13
655	ST-1.1	3
655	ST-1.2	18
655	ST-1.3	14
655	ST-2.1	6
655	ST-2.2	10
656	xaa	25
656	xab	19
656	xac	17
656	xad	13
656	ST-1.1	3
656	ST-1.2	18
656	ST-1.3	14
656	ST-2.1	6
656	ST-2.2	10
657	xaa	28
657	xab	20
657	xac	17
657	xad	13
657	ST-1.1	3
657	ST-1.2	18
657	ST-1.3	14
657	ST-2.1	6
657	ST-2.2	10
658	xaa	28
658	xab	22
658	xac	17
658	xad	13
658	ST-1.1	3
658	ST-1.2	19
658	ST-1.3	14
658	ST-2.1	6
658	ST-2.2	11
659	xaa	28
659	xab	22
659	xac	16
659	xad	13
659	ST-1.1	3
659	ST-1.2	19
659	ST-1.3	14
659	ST-2.1	6
659	ST-2.2	11
660	xaa	29
660	xab	23
660	xac	16
660	xad	13
660	ST-1.1	3
660	ST-1.2	19
660	ST-1.3	14
660	ST-2.1	6
660	ST-2.2	12
661	xaa	30
661	xab	22
661	xac	16
661	xad	13
661	ST-1.1	3
661	ST-1.2	19
661	ST-1.3	14
661	ST-2.1	6
661	ST-2.2	12
662	xaa	30
662	xab	23
662	xac	16
662	xad	12
662	ST-1.1	3
662	ST-1.2	19
662	ST-1.3	14
662	ST-2.1	6
662	ST-2.2	12
663	xaa	31
663	xab	23
663	xac	16
663	xad	13
663	ST-1.1	3
663	ST-1.2	19
663	ST-1.3	14
663	ST-2.1	6
663	ST-2.2	12
664	xaa	28
664	xab	23
664	xac	16
664	xad	13
664	ST-1.1	3
664	ST-1.2	19
664	ST-1.3	12
664	ST-2.1	6
664	ST-2.2	12
665	xaa	28
665	xab	23
665	xac	17
665	xad	13
665	ST-1.1	3
665	ST-1.2	19
665	ST-1.3	12
665	ST-2.1	6
665	ST-2.2	10
666	xaa	28
666	xab	23
666	xac	16
666	xad	13
666	ST-1.1	3
666	ST-1.2	18
666	ST-1.3	11
666	ST-2.1	6
666	ST-2.2	10
667	xaa	28
667	xab	24
667	xac	16
667	xad	13
667	ST-1.1	3
667	ST-1.2	18
667	ST-1.3	10
667	ST-2.1	6
667	ST-2.2	10
668	xaa	28
668	xab	24
668	xac	16
668	xad	12
668	ST-1.1	3
668	ST-1.2	18
668	ST-1.3	10
668	ST-2.1	6
668	ST-2.2	11
669	xaa	28
669	xab	24
669	xac	16
669	xad	12
669	ST-1.1	3
669	ST-1.2	18
669	ST-1.3	10
669	ST-2.1	5
669	ST-2.2	10
670	xaa	28
670	xab	22
670	xac	16
670	xad	12
670	ST-1.1	4
670	ST-1.2	22
670	ST-1.3	10
670	ST-2.1	5
670	ST-2.2	10
671	xaa	28
671	xab	22
671	xac	16
671	xad	12
671	ST-1.1	4
671	ST-1.2	23
671	ST-1.3	10
671	ST-2.1	5
671	ST-2.2	10
672	xaa	28
672	xab	22
672	xac	16
672	xad	12
672	ST-1.1	4
672	ST-1.2	23
672	ST-1.3	10
672	ST-2.1	5
672	ST-2.2	10
673	xaa	28
673	xab	23
673	xac	16
673	xad	12
673	ST-1.1	4
673	ST-1.2	23
673	ST-1.3	10
673	ST-2.1	5
673	ST-2.2	10
674	xaa	28
674	xab	24
674	xac	16
674	xad	12
674	ST-1.1	4
674	ST-1.2	23
674	ST-1.3	10
674	ST-2.1	5
674	ST-2.2	10
675	xaa	28
675	xab	24
675	xac	16
675	xad	12
675	ST-1.1	4
675	ST-1.2	23
675	ST-1.3	10
675	ST-2.1	5
675	ST-2.2	10
676	xaa	28
676	xab	24
676	xac	16
676	xad	12
676	ST-1.1	4
676	ST-1.2	23
676	ST-1.3	10
676	ST-2.1	4
676	ST-2.2	10
677	xaa	29
677	xab	24
677	xac	16
677	xad	12
677	ST-1.1	4
677	ST-1.2	23
677	ST-1.3	10
677	ST-2.1	4
677	ST-2.2	10
678	xaa	28
678	xab	23
678	xac	16
678	xad	12
678	ST-1.1	4
678	ST-1.2	23
678	ST-1.3	10
678	ST-2.1	4
678	ST-2.2	11
679	xaa	28
679	xab	23
679	xac	16
679	xad	12
679	ST-1.1	4
679	ST-1.2	23
679	ST-1.3	10
679	ST-2.1	4
679	ST-2.2	11
680	xaa	28
680	xab	23
680	xac	16
680	xad	12
680	ST-1.1	4
680	ST-1.2	23
680	ST-1.3	10
680	ST-2.1	4
680	ST-2.2	11
681	xaa	25
681	xab	22
681	xac	16
681	xad	15
681	ST-1.1	4
681	ST-1.2	23
681	ST-1.3	10
681	ST-2.1	4
681	ST-2.2	11
682	xaa	25
682	xab	22
682	xac	16
682	xad	15
682	ST-1.1	4
682	ST-1.2	23
682	ST-1.3	9
682	ST-2.1	4
682	ST-2.2	11
683	xaa	25
683	xab	22
683	xac	16
683	xad	15
683	ST-1.1	4
683	ST-1.2	22
683	ST-1.3	8
683	ST-2.1	4
683	ST-2.2	11
684	xaa	25
684	xab	22
684	xac	16
684	xad	15
684	ST-1.1	4
684	ST-1.2	22
684	ST-1.3	7
684	ST-2.1	4
684	ST-2.2	11
685	xaa	25
685	xab	21
685	xac	16
685	xad	15
685	ST-1.1	4
685	ST-1.2	19
685	ST-1.3	6
685	ST-2.1	4
685	ST-2.2	11
686	xaa	26
686	xab	21
686	xac	16
686	xad	15
686	ST-1.1	4
686	ST-1.2	18
686	ST-1.3	6
686	ST-2.1	4
686	ST-2.2	11
687	xaa	25
687	xab	21
687	xac	16
687	xad	15
687	ST-1.1	4
687	ST-1.2	18
687	ST-1.3	6
687	ST-2.1	4
687	ST-2.2	11
688	xaa	25
688	xab	21
688	xac	16
688	xad	15
688	ST-1.1	5
688	ST-1.2	18
688	ST-1.3	8
688	ST-2.1	4
688	ST-2.2	11
689	xaa	25
689	xab	22
689	xac	16
689	xad	15
689	ST-1.1	5
689	ST-1.2	18
689	ST-1.3	8
689	ST-2.1	4
689	ST-2.2	11
690	xaa	25
690	xab	22
690	xac	16
690	xad	15
690	ST-1.1	5
690	ST-1.2	18
690	ST-1.3	8
690	ST-2.1	4
690	ST-2.2	11
